22:12:52 **** Incremental Build of configuration Debug for project Important ****
make all 
'Building target: Important'
'Invoking: MacOS X C++ Linker'
g++  -o "Important"  ./src/Important.o   
'Finished building target: Important'
' '
22:13:54 **** Incremental Build of configuration Debug for project Important ****
make all 
'Building file: ../src/Important.cpp'
'Invoking: GCC C++ Compiler'
g++ -O0 -g3 -Wall -c -fmessage-length=0 -MMD -MP -MF"src/Important.d" -MT"src/Important.d" -o "src/Important.o" "../src/Important.cpp"
'Finished building: ../src/Important.cpp'
' '
'Building file: ../src/testing.cpp'
'Invoking: GCC C++ Compiler'
g++ -O0 -g3 -Wall -c -fmessage-length=0 -MMD -MP -MF"src/testing.d" -MT"src/testing.d" -o "src/testing.o" "../src/testing.cpp"
'Finished building: ../src/testing.cpp'
' '
'Building target: Important'
'Invoking: MacOS X C++ Linker'
g++  -o "Important"  ./src/Important.o ./src/testing.o   
'Finished building target: Important'
' '
23:46:59 **** Rebuild of configuration Debug for project IMP ****
Info: Configuration "Debug" uses tool-chain "MinGW GCC" that is unsupported on this system, attempting to build anyway.
Info: Internal Builder is used for build
g++ -O0 -g3 -Wall -c -fmessage-length=0 -o "src\\BFS.o" "..\\src\\BFS.cpp" 
..\src\BFS.cpp: In function 'void bfs(std::vector<int>*)':
..\src\BFS.cpp:14:24: warning: comparison between signed and unsigned integer expressions [-Wsign-compare]
g++ -o IMP.exe "src\\BFS.o" 
Info: Nothing to build for IMP
23:48:48 **** Incremental Build of configuration Debug for project IMP ****
Info: Configuration "Debug" uses tool-chain "MinGW GCC" that is unsupported on this system, attempting to build anyway.
Info: Internal Builder is used for build
g++ -O0 -g3 -Wall -c -fmessage-length=0 -o "src\\BFS.o" "..\\src\\BFS.cpp" 
..\src\BFS.cpp: In function 'void bfs(std::vector<int>*)':
..\src\BFS.cpp:14:24: warning: comparison between signed and unsigned integer expressions [-Wsign-compare]
g++ -o IMP.exe "src\\BFS.o" 
23:52:48 **** Incremental Build of configuration Debug for project IMP ****
Info: Configuration "Debug" uses tool-chain "MinGW GCC" that is unsupported on this system, attempting to build anyway.
Info: Internal Builder is used for build
g++ -O0 -g3 -Wall -c -fmessage-length=0 -o "src\\BFS.o" "..\\src\\BFS.cpp" 
g++ -o IMP.exe "src\\BFS.o" 
23:54:21 **** Incremental Build of configuration Debug for project IMP ****
Info: Configuration "Debug" uses tool-chain "MinGW GCC" that is unsupported on this system, attempting to build anyway.
Info: Internal Builder is used for build
g++ -O0 -g3 -Wall -c -fmessage-length=0 -o "src\\BFS.o" "..\\src\\BFS.cpp" 
g++ -o IMP.exe "src\\BFS.o" 
23:54:50 **** Incremental Build of configuration Debug for project IMP ****
Info: Configuration "Debug" uses tool-chain "MinGW GCC" that is unsupported on this system, attempting to build anyway.
Info: Internal Builder is used for build
g++ -O0 -g3 -Wall -c -fmessage-length=0 -o "src\\BFS.o" "..\\src\\BFS.cpp" 
g++ -o IMP.exe "src\\BFS.o" 
Info: Nothing to build for IMP
00:00:03 **** Incremental Build of configuration Debug for project IMP ****
Info: Configuration "Debug" uses tool-chain "MinGW GCC" that is unsupported on this system, attempting to build anyway.
Info: Internal Builder is used for build
g++ -O0 -g3 -Wall -c -fmessage-length=0 -o "src\\BFS.o" "..\\src\\BFS.cpp" 
g++ -o IMP.exe "src\\BFS.o" 
00:34:09 **** Incremental Build of configuration Debug for project IMP ****
Info: Configuration "Debug" uses tool-chain "MinGW GCC" that is unsupported on this system, attempting to build anyway.
Info: Internal Builder is used for build
g++ -O0 -g3 -Wall -c -fmessage-length=0 -o "src\\BFS.o" "..\\src\\BFS.cpp" 
g++ -O0 -g3 -Wall -c -fmessage-length=0 -o "src\\DFS.o" "..\\src\\DFS.cpp" 
g++ -o IMP.exe "src\\DFS.o" "src\\BFS.o" 
Info: Nothing to build for IMP
00:39:07 **** Incremental Build of configuration Debug for project IMP ****
Info: Configuration "Debug" uses tool-chain "MinGW GCC" that is unsupported on this system, attempting to build anyway.
Info: Internal Builder is used for build
g++ -O0 -g3 -Wall -c -fmessage-length=0 -o "src\\BFS.o" "..\\src\\BFS.cpp" 
g++ -o IMP.exe "src\\DFS.o" "src\\BFS.o" 
00:53:49 **** Incremental Build of configuration Debug for project IMP ****
Info: Configuration "Debug" uses tool-chain "MinGW GCC" that is unsupported on this system, attempting to build anyway.
Info: Internal Builder is used for build
g++ -O0 -g3 -Wall -c -fmessage-length=0 -o "src\\DFS.o" "..\\src\\DFS.cpp" 
g++ -o IMP.exe "src\\DFS.o" "src\\BFS.o" 
src\BFS.o: In function `main':
C:\Users\user\workspace\IMP\Debug/../src/BFS.cpp:49: multiple definition of `main'
src\DFS.o:C:\Users\user\workspace\IMP\Debug/../src/DFS.cpp:34: first defined here
collect2.exe: error: ld returned 1 exit status
00:54:27 **** Incremental Build of configuration Debug for project IMP ****
Info: Configuration "Debug" uses tool-chain "MinGW GCC" that is unsupported on this system, attempting to build anyway.
Info: Internal Builder is used for build
g++ -O0 -g3 -Wall -c -fmessage-length=0 -o "src\\BFS.o" "..\\src\\BFS.cpp" 
g++ -o IMP.exe "src\\DFS.o" "src\\BFS.o" 
00:57:26 **** Incremental Build of configuration Debug for project IMP ****
Info: Configuration "Debug" uses tool-chain "MinGW GCC" that is unsupported on this system, attempting to build anyway.
Info: Internal Builder is used for build
g++ -O0 -g3 -Wall -c -fmessage-length=0 -o "src\\DFS.o" "..\\src\\DFS.cpp" 
g++ -o IMP.exe "src\\DFS.o" "src\\BFS.o" 
00:59:41 **** Incremental Build of configuration Debug for project IMP ****
Info: Configuration "Debug" uses tool-chain "MinGW GCC" that is unsupported on this system, attempting to build anyway.
Info: Internal Builder is used for build
g++ -O0 -g3 -Wall -c -fmessage-length=0 -o "src\\DFS.o" "..\\src\\DFS.cpp" 
g++ -o IMP.exe "src\\DFS.o" "src\\BFS.o" 
01:00:48 **** Incremental Build of configuration Debug for project IMP ****
Info: Configuration "Debug" uses tool-chain "MinGW GCC" that is unsupported on this system, attempting to build anyway.
Info: Internal Builder is used for build
g++ -O0 -g3 -Wall -c -fmessage-length=0 -o "src\\DFS.o" "..\\src\\DFS.cpp" 
g++ -o IMP.exe "src\\DFS.o" "src\\BFS.o" 
01:02:31 **** Incremental Build of configuration Debug for project IMP ****
Info: Configuration "Debug" uses tool-chain "MinGW GCC" that is unsupported on this system, attempting to build anyway.
Info: Internal Builder is used for build
g++ -O0 -g3 -Wall -c -fmessage-length=0 -o "src\\DFS.o" "..\\src\\DFS.cpp" 
g++ -o IMP.exe "src\\DFS.o" "src\\BFS.o" 
01:04:18 **** Incremental Build of configuration Debug for project IMP ****
Info: Configuration "Debug" uses tool-chain "MinGW GCC" that is unsupported on this system, attempting to build anyway.
Info: Internal Builder is used for build
g++ -O0 -g3 -Wall -c -fmessage-length=0 -o "src\\DFS.o" "..\\src\\DFS.cpp" 
g++ -o IMP.exe "src\\DFS.o" "src\\BFS.o" 
01:04:56 **** Incremental Build of configuration Debug for project IMP ****
Info: Configuration "Debug" uses tool-chain "MinGW GCC" that is unsupported on this system, attempting to build anyway.
Info: Internal Builder is used for build
g++ -O0 -g3 -Wall -c -fmessage-length=0 -o "src\\DFS.o" "..\\src\\DFS.cpp" 
g++ -o IMP.exe "src\\DFS.o" "src\\BFS.o" 
01:49:30 **** Incremental Build of configuration Debug for project IMP ****
Info: Configuration "Debug" uses tool-chain "MinGW GCC" that is unsupported on this system, attempting to build anyway.
Info: Internal Builder is used for build
g++ -O0 -g3 -Wall -c -fmessage-length=0 -o "src\\WeightedGraph.o" "..\\src\\WeightedGraph.cpp" 
..\src\WeightedGraph.cpp: In function 'void dfsUtil(std::vector<std::pair<int, int> >*, bool*, int, int, int)':
..\src\WeightedGraph.cpp:20:31: error: cannot convert 'std::pair<int, int>' to 'int' for argument '4' to 'void dfsUtil(std::vector<std::pair<int, int> >*, bool*, int, int, int)'
01:51:08 **** Incremental Build of configuration Debug for project IMP ****
Info: Configuration "Debug" uses tool-chain "MinGW GCC" that is unsupported on this system, attempting to build anyway.
Info: Internal Builder is used for build
g++ -O0 -g3 -Wall -c -fmessage-length=0 -o "src\\DFS.o" "..\\src\\DFS.cpp" 
g++ -O0 -g3 -Wall -c -fmessage-length=0 -o "src\\WeightedGraph.o" "..\\src\\WeightedGraph.cpp" 
g++ -o IMP.exe "src\\WeightedGraph.o" "src\\DFS.o" "src\\BFS.o" 
Info: Nothing to build for IMP
Info: Nothing to build for IMP
01:55:41 **** Incremental Build of configuration Debug for project IMP ****
Info: Configuration "Debug" uses tool-chain "MinGW GCC" that is unsupported on this system, attempting to build anyway.
Info: Internal Builder is used for build
g++ -O0 -g3 -Wall -c -fmessage-length=0 -o "src\\WeightedGraph.o" "..\\src\\WeightedGraph.cpp" 
g++ -o IMP.exe "src\\WeightedGraph.o" "src\\DFS.o" "src\\BFS.o" 
01:56:49 **** Incremental Build of configuration Debug for project IMP ****
Info: Configuration "Debug" uses tool-chain "MinGW GCC" that is unsupported on this system, attempting to build anyway.
Info: Internal Builder is used for build
g++ -O0 -g3 -Wall -c -fmessage-length=0 -o "src\\WeightedGraph.o" "..\\src\\WeightedGraph.cpp" 
g++ -o IMP.exe "src\\WeightedGraph.o" "src\\DFS.o" "src\\BFS.o" 
01:57:55 **** Incremental Build of configuration Debug for project IMP ****
Info: Configuration "Debug" uses tool-chain "MinGW GCC" that is unsupported on this system, attempting to build anyway.
Info: Internal Builder is used for build
g++ -O0 -g3 -Wall -c -fmessage-length=0 -o "src\\WeightedGraph.o" "..\\src\\WeightedGraph.cpp" 
g++ -o IMP.exe "src\\WeightedGraph.o" "src\\DFS.o" "src\\BFS.o" 
01:58:54 **** Incremental Build of configuration Debug for project IMP ****
Info: Configuration "Debug" uses tool-chain "MinGW GCC" that is unsupported on this system, attempting to build anyway.
Info: Internal Builder is used for build
g++ -O0 -g3 -Wall -c -fmessage-length=0 -o "src\\WeightedGraph.o" "..\\src\\WeightedGraph.cpp" 
g++ -o IMP.exe "src\\WeightedGraph.o" "src\\DFS.o" "src\\BFS.o" 
02:00:15 **** Incremental Build of configuration Debug for project IMP ****
Info: Configuration "Debug" uses tool-chain "MinGW GCC" that is unsupported on this system, attempting to build anyway.
Info: Internal Builder is used for build
g++ -O0 -g3 -Wall -c -fmessage-length=0 -o "src\\WeightedGraph.o" "..\\src\\WeightedGraph.cpp" 
g++ -o IMP.exe "src\\WeightedGraph.o" "src\\DFS.o" "src\\BFS.o" 
02:03:23 **** Incremental Build of configuration Debug for project IMP ****
Info: Configuration "Debug" uses tool-chain "MinGW GCC" that is unsupported on this system, attempting to build anyway.
Info: Internal Builder is used for build
g++ -O0 -g3 -Wall -c -fmessage-length=0 -o "src\\WeightedGraph.o" "..\\src\\WeightedGraph.cpp" 
g++ -o IMP.exe "src\\WeightedGraph.o" "src\\DFS.o" "src\\BFS.o" 
02:05:13 **** Incremental Build of configuration Debug for project IMP ****
Info: Configuration "Debug" uses tool-chain "MinGW GCC" that is unsupported on this system, attempting to build anyway.
Info: Internal Builder is used for build
g++ -O0 -g3 -Wall -c -fmessage-length=0 -o "src\\WeightedGraph.o" "..\\src\\WeightedGraph.cpp" 
g++ -o IMP.exe "src\\WeightedGraph.o" "src\\DFS.o" "src\\BFS.o" 
02:06:19 **** Incremental Build of configuration Debug for project IMP ****
Info: Configuration "Debug" uses tool-chain "MinGW GCC" that is unsupported on this system, attempting to build anyway.
Info: Internal Builder is used for build
g++ -O0 -g3 -Wall -c -fmessage-length=0 -o "src\\WeightedGraph.o" "..\\src\\WeightedGraph.cpp" 
g++ -o IMP.exe "src\\WeightedGraph.o" "src\\DFS.o" "src\\BFS.o" 
02:10:00 **** Incremental Build of configuration Debug for project IMP ****
Info: Configuration "Debug" uses tool-chain "MinGW GCC" that is unsupported on this system, attempting to build anyway.
Info: Internal Builder is used for build
g++ -O0 -g3 -Wall -c -fmessage-length=0 -o "src\\WeightedGraph.o" "..\\src\\WeightedGraph.cpp" 
g++ -o IMP.exe "src\\WeightedGraph.o" "src\\DFS.o" "src\\BFS.o" 
02:10:54 **** Incremental Build of configuration Debug for project IMP ****
Info: Configuration "Debug" uses tool-chain "MinGW GCC" that is unsupported on this system, attempting to build anyway.
Info: Internal Builder is used for build
g++ -O0 -g3 -Wall -c -fmessage-length=0 -o "src\\WeightedGraph.o" "..\\src\\WeightedGraph.cpp" 
g++ -o IMP.exe "src\\WeightedGraph.o" "src\\DFS.o" "src\\BFS.o" 
08:31:09 **** Incremental Build of configuration Debug for project IMP ****
Info: Configuration "Debug" uses tool-chain "MinGW GCC" that is unsupported on this system, attempting to build anyway.
Info: Internal Builder is used for build
g++ -O0 -g3 -Wall -c -fmessage-length=0 -o "src\\CustomizedGraph.o" "..\\src\\CustomizedGraph.cpp" 
..\src\CustomizedGraph.cpp: In function 'int main()':
..\src\CustomizedGraph.cpp:42:19: error: cannot convert 'std::vector<Edge*>::iterator {aka __gnu_cxx::__normal_iterator<Edge**, std::vector<Edge*> >}' to 'Edge*' in initialization
..\src\CustomizedGraph.cpp:21:11: warning: unused variable 'src' [-Wunused-variable]
..\src\CustomizedGraph.cpp:21:15: warning: unused variable 'wt' [-Wunused-variable]
..\src\CustomizedGraph.cpp:25:7: warning: unused variable 'sum' [-Wunused-variable]
08:31:31 **** Incremental Build of configuration Debug for project IMP ****
Info: Configuration "Debug" uses tool-chain "MinGW GCC" that is unsupported on this system, attempting to build anyway.
Info: Internal Builder is used for build
g++ -O0 -g3 -Wall -c -fmessage-length=0 -o "src\\WeightedGraph.o" "..\\src\\WeightedGraph.cpp" 
g++ -O0 -g3 -Wall -c -fmessage-length=0 -o "src\\CustomizedGraph.o" "..\\src\\CustomizedGraph.cpp" 
..\src\CustomizedGraph.cpp: In function 'int main()':
..\src\CustomizedGraph.cpp:21:11: warning: unused variable 'src' [-Wunused-variable]
..\src\CustomizedGraph.cpp:21:15: warning: unused variable 'wt' [-Wunused-variable]
..\src\CustomizedGraph.cpp:25:7: warning: unused variable 'sum' [-Wunused-variable]
g++ -o IMP.exe "src\\WeightedGraph.o" "src\\DFS.o" "src\\CustomizedGraph.o" "src\\BFS.o" 
Info: Nothing to build for IMP
Info: Nothing to build for IMP
Info: Nothing to build for IMP
Info: Nothing to build for IMP
08:34:28 **** Incremental Build of configuration Debug for project IMP ****
Info: Configuration "Debug" uses tool-chain "MinGW GCC" that is unsupported on this system, attempting to build anyway.
Info: Internal Builder is used for build
g++ -O0 -g3 -Wall -c -fmessage-length=0 -o "src\\CustomizedGraph.o" "..\\src\\CustomizedGraph.cpp" 
..\src\CustomizedGraph.cpp: In function 'int main()':
..\src\CustomizedGraph.cpp:21:11: warning: unused variable 'src' [-Wunused-variable]
..\src\CustomizedGraph.cpp:21:15: warning: unused variable 'wt' [-Wunused-variable]
..\src\CustomizedGraph.cpp:25:7: warning: unused variable 'sum' [-Wunused-variable]
g++ -o IMP.exe "src\\WeightedGraph.o" "src\\DFS.o" "src\\CustomizedGraph.o" "src\\BFS.o" 
08:42:38 **** Incremental Build of configuration Debug for project IMP ****
Info: Configuration "Debug" uses tool-chain "MinGW GCC" that is unsupported on this system, attempting to build anyway.
Info: Internal Builder is used for build
g++ -O0 -g3 -Wall -c -fmessage-length=0 -o "src\\CustomizedGraph.o" "..\\src\\CustomizedGraph.cpp" 
..\src\CustomizedGraph.cpp: In function 'int main()':
..\src\CustomizedGraph.cpp:46:11: warning: unused variable 'src' [-Wunused-variable]
..\src\CustomizedGraph.cpp:46:15: warning: unused variable 'wt' [-Wunused-variable]
..\src\CustomizedGraph.cpp:50:7: warning: unused variable 'sum' [-Wunused-variable]
g++ -o IMP.exe "src\\WeightedGraph.o" "src\\DFS.o" "src\\CustomizedGraph.o" "src\\BFS.o" 
08:43:48 **** Incremental Build of configuration Debug for project IMP ****
Info: Configuration "Debug" uses tool-chain "MinGW GCC" that is unsupported on this system, attempting to build anyway.
Info: Internal Builder is used for build
g++ -O0 -g3 -Wall -c -fmessage-length=0 -o "src\\CustomizedGraph.o" "..\\src\\CustomizedGraph.cpp" 
..\src\CustomizedGraph.cpp: In function 'int main()':
..\src\CustomizedGraph.cpp:46:15: warning: unused variable 'wt' [-Wunused-variable]
..\src\CustomizedGraph.cpp:50:7: warning: unused variable 'sum' [-Wunused-variable]
g++ -o IMP.exe "src\\WeightedGraph.o" "src\\DFS.o" "src\\CustomizedGraph.o" "src\\BFS.o" 
10:41:30 **** Incremental Build of configuration Debug for project IMP ****
Info: Configuration "Debug" uses tool-chain "MinGW GCC" that is unsupported on this system, attempting to build anyway.
Info: Internal Builder is used for build
g++ -O0 -g3 -Wall -c -fmessage-length=0 -o "src\\CustomizedGraph.o" "..\\src\\CustomizedGraph.cpp" 
g++ -O0 -g3 -Wall -c -fmessage-length=0 -o "src\\SingleSourceShortestPath.o" "..\\src\\SingleSourceShortestPath.cpp" 
..\src\SingleSourceShortestPath.cpp:18:22: error: variable or field 'topologicalSort' declared void
..\src\SingleSourceShortestPath.cpp:18:22: error: 'vector' was not declared in this scope
..\src\SingleSourceShortestPath.cpp:18:29: error: expected primary-expression before 'struct'
..\src\SingleSourceShortestPath.cpp:18:46: error: expected primary-expression before 'bool'
..\src\SingleSourceShortestPath.cpp:18:61: error: expected primary-expression before 'int'
..\src\SingleSourceShortestPath.cpp:18:80: error: expected primary-expression before '&' token
..\src\SingleSourceShortestPath.cpp:18:81: error: 's' was not declared in this scope
10:42:24 **** Incremental Build of configuration Debug for project IMP ****
Info: Configuration "Debug" uses tool-chain "MinGW GCC" that is unsupported on this system, attempting to build anyway.
Info: Internal Builder is used for build
g++ -O0 -g3 -Wall -c -fmessage-length=0 -o "src\\SingleSourceShortestPath.o" "..\\src\\SingleSourceShortestPath.cpp" 
..\src\SingleSourceShortestPath.cpp:18:22: error: variable or field 'topologicalSort' declared void
..\src\SingleSourceShortestPath.cpp:18:22: error: 'vector' was not declared in this scope
..\src\SingleSourceShortestPath.cpp:18:29: error: expected primary-expression before 'struct'
..\src\SingleSourceShortestPath.cpp:18:47: error: expected primary-expression before 'bool'
..\src\SingleSourceShortestPath.cpp:18:62: error: expected primary-expression before 'int'
..\src\SingleSourceShortestPath.cpp:18:81: error: expected primary-expression before '&' token
..\src\SingleSourceShortestPath.cpp:18:82: error: 's' was not declared in this scope
10:43:02 **** Incremental Build of configuration Debug for project IMP ****
Info: Configuration "Debug" uses tool-chain "MinGW GCC" that is unsupported on this system, attempting to build anyway.
Info: Internal Builder is used for build
g++ -O0 -g3 -Wall -c -fmessage-length=0 -o "src\\SingleSourceShortestPath.o" "..\\src\\SingleSourceShortestPath.cpp" 
..\src\SingleSourceShortestPath.cpp: In function 'int main()':
..\src\SingleSourceShortestPath.cpp:38:58: error: 'malloc' was not declared in this scope
10:43:22 **** Incremental Build of configuration Debug for project IMP ****
Info: Configuration "Debug" uses tool-chain "MinGW GCC" that is unsupported on this system, attempting to build anyway.
Info: Internal Builder is used for build
g++ -O0 -g3 -Wall -c -fmessage-length=0 -o "src\\SingleSourceShortestPath.o" "..\\src\\SingleSourceShortestPath.cpp" 
..\src\SingleSourceShortestPath.cpp: In function 'int main()':
..\src\SingleSourceShortestPath.cpp:60:6: warning: variable 'dist' set but not used [-Wunused-but-set-variable]
..\src\SingleSourceShortestPath.cpp:37:2: warning: 'M' may be used uninitialized in this function [-Wuninitialized]
g++ -o IMP.exe "src\\WeightedGraph.o" "src\\SingleSourceShortestPath.o" "src\\DFS.o" "src\\CustomizedGraph.o" "src\\BFS.o" 
10:44:12 **** Incremental Build of configuration Debug for project IMP ****
Info: Configuration "Debug" uses tool-chain "MinGW GCC" that is unsupported on this system, attempting to build anyway.
Info: Internal Builder is used for build
g++ -O0 -g3 -Wall -c -fmessage-length=0 -o "src\\SingleSourceShortestPath.o" "..\\src\\SingleSourceShortestPath.cpp" 
..\src\SingleSourceShortestPath.cpp: In function 'int main()':
..\src\SingleSourceShortestPath.cpp:60:6: warning: variable 'dist' set but not used [-Wunused-but-set-variable]
g++ -o IMP.exe "src\\WeightedGraph.o" "src\\SingleSourceShortestPath.o" "src\\DFS.o" "src\\CustomizedGraph.o" "src\\BFS.o" 
Info: Nothing to build for IMP
Info: Nothing to build for IMP
10:53:44 **** Incremental Build of configuration Debug for project IMP ****
Info: Configuration "Debug" uses tool-chain "MinGW GCC" that is unsupported on this system, attempting to build anyway.
Info: Internal Builder is used for build
g++ -O0 -g3 -Wall -c -fmessage-length=0 -o "src\\SingleSourceShortestPath.o" "..\\src\\SingleSourceShortestPath.cpp" 
..\src\SingleSourceShortestPath.cpp: In function 'int main()':
..\src\SingleSourceShortestPath.cpp:61:6: warning: variable 'dist' set but not used [-Wunused-but-set-variable]
g++ -o IMP.exe "src\\WeightedGraph.o" "src\\SingleSourceShortestPath.o" "src\\DFS.o" "src\\CustomizedGraph.o" "src\\BFS.o" 
11:01:37 **** Incremental Build of configuration Debug for project IMP ****
Info: Configuration "Debug" uses tool-chain "MinGW GCC" that is unsupported on this system, attempting to build anyway.
Info: Internal Builder is used for build
g++ -O0 -g3 -Wall -c -fmessage-length=0 -o "src\\SingleSourceShortestPath.o" "..\\src\\SingleSourceShortestPath.cpp" 
..\src\SingleSourceShortestPath.cpp: In function 'int main()':
..\src\SingleSourceShortestPath.cpp:71:14: error: invalid types 'int [(((sizetype)((ssizetype)N)) + 1)][std::vector<Edge*> [(((sizetype)((ssizetype)N)) + 1)]]' for array subscript
..\src\SingleSourceShortestPath.cpp:72:12: error: invalid types 'int [(((sizetype)((ssizetype)N)) + 1)][std::vector<Edge*> [(((sizetype)((ssizetype)N)) + 1)]]' for array subscript
11:02:17 **** Incremental Build of configuration Debug for project IMP ****
Info: Configuration "Debug" uses tool-chain "MinGW GCC" that is unsupported on this system, attempting to build anyway.
Info: Internal Builder is used for build
g++ -O0 -g3 -Wall -c -fmessage-length=0 -o "src\\SingleSourceShortestPath.o" "..\\src\\SingleSourceShortestPath.cpp" 
g++ -o IMP.exe "src\\WeightedGraph.o" "src\\SingleSourceShortestPath.o" "src\\DFS.o" "src\\CustomizedGraph.o" "src\\BFS.o" 
Info: Nothing to build for IMP
11:05:04 **** Incremental Build of configuration Debug for project IMP ****
Info: Configuration "Debug" uses tool-chain "MinGW GCC" that is unsupported on this system, attempting to build anyway.
Info: Internal Builder is used for build
g++ -O0 -g3 -Wall -c -fmessage-length=0 -o "src\\SingleSourceShortestPath.o" "..\\src\\SingleSourceShortestPath.cpp" 
g++ -o IMP.exe "src\\WeightedGraph.o" "src\\SingleSourceShortestPath.o" "src\\DFS.o" "src\\CustomizedGraph.o" "src\\BFS.o" 
11:28:41 **** Incremental Build of configuration Debug for project IMP ****
Info: Configuration "Debug" uses tool-chain "MinGW GCC" that is unsupported on this system, attempting to build anyway.
Info: Internal Builder is used for build
g++ -O0 -g3 -Wall -c -fmessage-length=0 -o "src\\BellmanFord.o" "..\\src\\BellmanFord.cpp" 
..\src\BellmanFord.cpp: In function 'int main()':
..\src\BellmanFord.cpp:38:16: warning: 'source' may be used uninitialized in this function [-Wuninitialized]
g++ -o IMP.exe "src\\WeightedGraph.o" "src\\SingleSourceShortestPath.o" "src\\DFS.o" "src\\CustomizedGraph.o" "src\\BellmanFord.o" "src\\BFS.o" 
src\BellmanFord.o: In function `main':
C:\Users\user\workspace\IMP\Debug/../src/BellmanFord.cpp:22: multiple definition of `main'
src\SingleSourceShortestPath.o:C:\Users\user\workspace\IMP\Debug/../src/SingleSourceShortestPath.cpp:32: first defined here
collect2.exe: error: ld returned 1 exit status
11:28:56 **** Incremental Build of configuration Debug for project IMP ****
Info: Configuration "Debug" uses tool-chain "MinGW GCC" that is unsupported on this system, attempting to build anyway.
Info: Internal Builder is used for build
g++ -O0 -g3 -Wall -c -fmessage-length=0 -o "src\\SingleSourceShortestPath.o" "..\\src\\SingleSourceShortestPath.cpp" 
g++ -o IMP.exe "src\\WeightedGraph.o" "src\\SingleSourceShortestPath.o" "src\\DFS.o" "src\\CustomizedGraph.o" "src\\BellmanFord.o" "src\\BFS.o" 
11:30:16 **** Incremental Build of configuration Debug for project IMP ****
Info: Configuration "Debug" uses tool-chain "MinGW GCC" that is unsupported on this system, attempting to build anyway.
Info: Internal Builder is used for build
g++ -O0 -g3 -Wall -c -fmessage-length=0 -o "src\\BellmanFord.o" "..\\src\\BellmanFord.cpp" 
..\src\BellmanFord.cpp: In function 'int main()':
..\src\BellmanFord.cpp:38:16: warning: 'source' may be used uninitialized in this function [-Wuninitialized]
g++ -o IMP.exe "src\\WeightedGraph.o" "src\\SingleSourceShortestPath.o" "src\\DFS.o" "src\\CustomizedGraph.o" "src\\BellmanFord.o" "src\\BFS.o" 
c:/mingw/bin/../lib/gcc/i686-pc-mingw32/4.7.3/../../../../i686-pc-mingw32/bin/ld.exe: cannot open output file IMP.exe: Permission denied
collect2.exe: error: ld returned 1 exit status
11:31:11 **** Incremental Build of configuration Debug for project IMP ****
Info: Configuration "Debug" uses tool-chain "MinGW GCC" that is unsupported on this system, attempting to build anyway.
Info: Internal Builder is used for build
g++ -o IMP.exe "src\\WeightedGraph.o" "src\\SingleSourceShortestPath.o" "src\\DFS.o" "src\\CustomizedGraph.o" "src\\BellmanFord.o" "src\\BFS.o" 
11:33:38 **** Incremental Build of configuration Debug for project IMP ****
Info: Configuration "Debug" uses tool-chain "MinGW GCC" that is unsupported on this system, attempting to build anyway.
Info: Internal Builder is used for build
g++ -O0 -g3 -Wall -c -fmessage-length=0 -o "src\\BellmanFord.o" "..\\src\\BellmanFord.cpp" 
g++ -o IMP.exe "src\\WeightedGraph.o" "src\\SingleSourceShortestPath.o" "src\\DFS.o" "src\\CustomizedGraph.o" "src\\BellmanFord.o" "src\\BFS.o" 
11:37:26 **** Incremental Build of configuration Debug for project IMP ****
Info: Configuration "Debug" uses tool-chain "MinGW GCC" that is unsupported on this system, attempting to build anyway.
Info: Internal Builder is used for build
g++ -O0 -g3 -Wall -c -fmessage-length=0 -o "src\\BellmanFord.o" "..\\src\\BellmanFord.cpp" 
g++ -o IMP.exe "src\\WeightedGraph.o" "src\\SingleSourceShortestPath.o" "src\\DFS.o" "src\\CustomizedGraph.o" "src\\BellmanFord.o" "src\\BFS.o" 
11:41:02 **** Incremental Build of configuration Debug for project IMP ****
Info: Configuration "Debug" uses tool-chain "MinGW GCC" that is unsupported on this system, attempting to build anyway.
Info: Internal Builder is used for build
g++ -O0 -g3 -Wall -c -fmessage-length=0 -o "src\\BellmanFord.o" "..\\src\\BellmanFord.cpp" 
..\src\BellmanFord.cpp: In function 'int main()':
..\src\BellmanFord.cpp:67:35: error: redeclaration of 'std::vector<Edge*>::iterator it'
..\src\BellmanFord.cpp:36:33: error: 'std::vector<Edge*>::iterator it' previously declared here
11:41:23 **** Incremental Build of configuration Debug for project IMP ****
Info: Configuration "Debug" uses tool-chain "MinGW GCC" that is unsupported on this system, attempting to build anyway.
Info: Internal Builder is used for build
g++ -O0 -g3 -Wall -c -fmessage-length=0 -o "src\\BellmanFord.o" "..\\src\\BellmanFord.cpp" 
g++ -o IMP.exe "src\\WeightedGraph.o" "src\\SingleSourceShortestPath.o" "src\\DFS.o" "src\\CustomizedGraph.o" "src\\BellmanFord.o" "src\\BFS.o" 
11:45:05 **** Incremental Build of configuration Debug for project IMP ****
Info: Configuration "Debug" uses tool-chain "MinGW GCC" that is unsupported on this system, attempting to build anyway.
Info: Internal Builder is used for build
g++ -O0 -g3 -Wall -c -fmessage-length=0 -o "src\\BellmanFord.o" "..\\src\\BellmanFord.cpp" 
g++ -o IMP.exe "src\\WeightedGraph.o" "src\\SingleSourceShortestPath.o" "src\\DFS.o" "src\\CustomizedGraph.o" "src\\BellmanFord.o" "src\\BFS.o" 
11:51:44 **** Incremental Build of configuration Debug for project IMP ****
Info: Configuration "Debug" uses tool-chain "MinGW GCC" that is unsupported on this system, attempting to build anyway.
Info: Internal Builder is used for build
g++ -O0 -g3 -Wall -c -fmessage-length=0 -o "src\\BellmanFord.o" "..\\src\\BellmanFord.cpp" 
g++ -o IMP.exe "src\\WeightedGraph.o" "src\\SingleSourceShortestPath.o" "src\\DFS.o" "src\\CustomizedGraph.o" "src\\BellmanFord.o" "src\\BFS.o" 
Info: Nothing to build for IMP
11:56:11 **** Incremental Build of configuration Debug for project IMP ****
Info: Configuration "Debug" uses tool-chain "MinGW GCC" that is unsupported on this system, attempting to build anyway.
Info: Internal Builder is used for build
g++ -O0 -g3 -Wall -c -fmessage-length=0 -o "src\\BellmanFord.o" "..\\src\\BellmanFord.cpp" 
..\src\BellmanFord.cpp: In function 'int main()':
..\src\BellmanFord.cpp:113:1: error: expected '}' at end of input
11:56:22 **** Incremental Build of configuration Debug for project IMP ****
Info: Configuration "Debug" uses tool-chain "MinGW GCC" that is unsupported on this system, attempting to build anyway.
Info: Internal Builder is used for build
g++ -O0 -g3 -Wall -c -fmessage-length=0 -o "src\\BellmanFord.o" "..\\src\\BellmanFord.cpp" 
..\src\BellmanFord.cpp: In function 'int main()':
..\src\BellmanFord.cpp:113:1: error: expected '}' at end of input
11:56:51 **** Incremental Build of configuration Debug for project IMP ****
Info: Configuration "Debug" uses tool-chain "MinGW GCC" that is unsupported on this system, attempting to build anyway.
Info: Internal Builder is used for build
g++ -O0 -g3 -Wall -c -fmessage-length=0 -o "src\\BellmanFord.o" "..\\src\\BellmanFord.cpp" 
g++ -o IMP.exe "src\\WeightedGraph.o" "src\\SingleSourceShortestPath.o" "src\\DFS.o" "src\\CustomizedGraph.o" "src\\BellmanFord.o" "src\\BFS.o" 
11:57:58 **** Incremental Build of configuration Debug for project IMP ****
Info: Configuration "Debug" uses tool-chain "MinGW GCC" that is unsupported on this system, attempting to build anyway.
Info: Internal Builder is used for build
g++ -O0 -g3 -Wall -c -fmessage-length=0 -o "src\\BellmanFord.o" "..\\src\\BellmanFord.cpp" 
g++ -o IMP.exe "src\\WeightedGraph.o" "src\\SingleSourceShortestPath.o" "src\\DFS.o" "src\\CustomizedGraph.o" "src\\BellmanFord.o" "src\\BFS.o" 
12:01:08 **** Incremental Build of configuration Debug for project IMP ****
Info: Configuration "Debug" uses tool-chain "MinGW GCC" that is unsupported on this system, attempting to build anyway.
Info: Internal Builder is used for build
g++ -O0 -g3 -Wall -c -fmessage-length=0 -o "src\\BellmanFord.o" "..\\src\\BellmanFord.cpp" 
..\src\BellmanFord.cpp: In function 'int main()':
..\src\BellmanFord.cpp:86:35: error: redeclaration of 'std::vector<Edge*>::iterator it'
..\src\BellmanFord.cpp:57:33: error: 'std::vector<Edge*>::iterator it' previously declared here
12:01:24 **** Incremental Build of configuration Debug for project IMP ****
Info: Configuration "Debug" uses tool-chain "MinGW GCC" that is unsupported on this system, attempting to build anyway.
Info: Internal Builder is used for build
g++ -O0 -g3 -Wall -c -fmessage-length=0 -o "src\\BellmanFord.o" "..\\src\\BellmanFord.cpp" 
g++ -o IMP.exe "src\\WeightedGraph.o" "src\\SingleSourceShortestPath.o" "src\\DFS.o" "src\\CustomizedGraph.o" "src\\BellmanFord.o" "src\\BFS.o" 
Info: Nothing to build for IMP
12:12:30 **** Incremental Build of configuration Debug for project IMP ****
Info: Configuration "Debug" uses tool-chain "MinGW GCC" that is unsupported on this system, attempting to build anyway.
Info: Internal Builder is used for build
g++ -O0 -g3 -Wall -c -fmessage-length=0 -o "src\\BellmanFord.o" "..\\src\\BellmanFord.cpp" 
g++ -o IMP.exe "src\\WeightedGraph.o" "src\\SingleSourceShortestPath.o" "src\\DFS.o" "src\\CustomizedGraph.o" "src\\BellmanFord.o" "src\\BFS.o" 
Info: Nothing to build for IMP
Info: Nothing to build for IMP
12:15:58 **** Incremental Build of configuration Debug for project IMP ****
Info: Configuration "Debug" uses tool-chain "MinGW GCC" that is unsupported on this system, attempting to build anyway.
Info: Internal Builder is used for build
g++ -O0 -g3 -Wall -c -fmessage-length=0 -o "src\\BellmanFord.o" "..\\src\\BellmanFord.cpp" 
g++ -o IMP.exe "src\\WeightedGraph.o" "src\\SingleSourceShortestPath.o" "src\\DFS.o" "src\\CustomizedGraph.o" "src\\BellmanFord.o" "src\\BFS.o" 
12:16:54 **** Incremental Build of configuration Debug for project IMP ****
Info: Configuration "Debug" uses tool-chain "MinGW GCC" that is unsupported on this system, attempting to build anyway.
Info: Internal Builder is used for build
g++ -O0 -g3 -Wall -c -fmessage-length=0 -o "src\\BellmanFord.o" "..\\src\\BellmanFord.cpp" 
g++ -o IMP.exe "src\\WeightedGraph.o" "src\\SingleSourceShortestPath.o" "src\\DFS.o" "src\\CustomizedGraph.o" "src\\BellmanFord.o" "src\\BFS.o" 
12:20:46 **** Incremental Build of configuration Debug for project IMP ****
Info: Configuration "Debug" uses tool-chain "MinGW GCC" that is unsupported on this system, attempting to build anyway.
Info: Internal Builder is used for build
g++ -O0 -g3 -Wall -c -fmessage-length=0 -o "src\\BellmanFord.o" "..\\src\\BellmanFord.cpp" 
..\src\BellmanFord.cpp: In function 'int main()':
..\src\BellmanFord.cpp:37:40: error: expected primary-expression before '<<' token
12:21:14 **** Incremental Build of configuration Debug for project IMP ****
Info: Configuration "Debug" uses tool-chain "MinGW GCC" that is unsupported on this system, attempting to build anyway.
Info: Internal Builder is used for build
g++ -O0 -g3 -Wall -c -fmessage-length=0 -o "src\\BellmanFord.o" "..\\src\\BellmanFord.cpp" 
g++ -o IMP.exe "src\\WeightedGraph.o" "src\\SingleSourceShortestPath.o" "src\\DFS.o" "src\\CustomizedGraph.o" "src\\BellmanFord.o" "src\\BFS.o" 
12:24:21 **** Incremental Build of configuration Debug for project IMP ****
Info: Configuration "Debug" uses tool-chain "MinGW GCC" that is unsupported on this system, attempting to build anyway.
Info: Internal Builder is used for build
g++ -O0 -g3 -Wall -c -fmessage-length=0 -o "src\\BellmanFord.o" "..\\src\\BellmanFord.cpp" 
g++ -o IMP.exe "src\\WeightedGraph.o" "src\\SingleSourceShortestPath.o" "src\\DFS.o" "src\\CustomizedGraph.o" "src\\BellmanFord.o" "src\\BFS.o" 
12:27:10 **** Incremental Build of configuration Debug for project IMP ****
Info: Configuration "Debug" uses tool-chain "MinGW GCC" that is unsupported on this system, attempting to build anyway.
Info: Internal Builder is used for build
g++ -O0 -g3 -Wall -c -fmessage-length=0 -o "src\\BellmanFord.o" "..\\src\\BellmanFord.cpp" 
g++ -o IMP.exe "src\\WeightedGraph.o" "src\\SingleSourceShortestPath.o" "src\\DFS.o" "src\\CustomizedGraph.o" "src\\BellmanFord.o" "src\\BFS.o" 
Info: Nothing to build for IMP
13:28:45 **** Incremental Build of configuration Debug for project IMP ****
Info: Configuration "Debug" uses tool-chain "MinGW GCC" that is unsupported on this system, attempting to build anyway.
Info: Internal Builder is used for build
g++ -O0 -g3 -Wall -c -fmessage-length=0 -o "src\\Djikstra.o" "..\\src\\Djikstra.cpp" 
g++ -o IMP.exe "src\\WeightedGraph.o" "src\\SingleSourceShortestPath.o" "src\\Djikstra.o" "src\\DFS.o" "src\\CustomizedGraph.o" "src\\BellmanFord.o" "src\\BFS.o" 
src\BellmanFord.o: In function `main':
C:\Users\user\workspace\IMP\Debug/../src/BellmanFord.cpp:13: multiple definition of `main'
src\Djikstra.o:C:\Users\user\workspace\IMP\Debug/../src/Djikstra.cpp:42: first defined here
collect2.exe: error: ld returned 1 exit status
13:29:05 **** Incremental Build of configuration Debug for project IMP ****
Info: Configuration "Debug" uses tool-chain "MinGW GCC" that is unsupported on this system, attempting to build anyway.
Info: Internal Builder is used for build
g++ -O0 -g3 -Wall -c -fmessage-length=0 -o "src\\BellmanFord.o" "..\\src\\BellmanFord.cpp" 
g++ -o IMP.exe "src\\WeightedGraph.o" "src\\SingleSourceShortestPath.o" "src\\Djikstra.o" "src\\DFS.o" "src\\CustomizedGraph.o" "src\\BellmanFord.o" "src\\BFS.o" 
13:32:05 **** Incremental Build of configuration Debug for project IMP ****
Info: Configuration "Debug" uses tool-chain "MinGW GCC" that is unsupported on this system, attempting to build anyway.
Info: Internal Builder is used for build
g++ -O0 -g3 -Wall -c -fmessage-length=0 -o "src\\Djikstra.o" "..\\src\\Djikstra.cpp" 
g++ -o IMP.exe "src\\WeightedGraph.o" "src\\SingleSourceShortestPath.o" "src\\Djikstra.o" "src\\DFS.o" "src\\CustomizedGraph.o" "src\\BellmanFord.o" "src\\BFS.o" 
13:35:29 **** Incremental Build of configuration Debug for project IMP ****
Info: Configuration "Debug" uses tool-chain "MinGW GCC" that is unsupported on this system, attempting to build anyway.
Info: Internal Builder is used for build
g++ -O0 -g3 -Wall -c -fmessage-length=0 -o "src\\Djikstra.o" "..\\src\\Djikstra.cpp" 
g++ -o IMP.exe "src\\WeightedGraph.o" "src\\SingleSourceShortestPath.o" "src\\Djikstra.o" "src\\DFS.o" "src\\CustomizedGraph.o" "src\\BellmanFord.o" "src\\BFS.o" 
15:40:38 **** Incremental Build of configuration Debug for project IMP ****
Info: Configuration "Debug" uses tool-chain "MinGW GCC" that is unsupported on this system, attempting to build anyway.
Info: Internal Builder is used for build
g++ -O0 -g3 -Wall -c -fmessage-length=0 -o "src\\Djikstra.o" "..\\src\\Djikstra.cpp" 
g++ -o IMP.exe "src\\WeightedGraph.o" "src\\SingleSourceShortestPath.o" "src\\Djikstra.o" "src\\DFS.o" "src\\CustomizedGraph.o" "src\\BellmanFord.o" "src\\BFS.o" 
c:/mingw/bin/../lib/gcc/i686-pc-mingw32/4.7.3/../../../../i686-pc-mingw32/bin/ld.exe: cannot open output file IMP.exe: Permission denied
collect2.exe: error: ld returned 1 exit status
15:41:18 **** Incremental Build of configuration Debug for project IMP ****
Info: Configuration "Debug" uses tool-chain "MinGW GCC" that is unsupported on this system, attempting to build anyway.
Info: Internal Builder is used for build
g++ -o IMP.exe "src\\WeightedGraph.o" "src\\SingleSourceShortestPath.o" "src\\Djikstra.o" "src\\DFS.o" "src\\CustomizedGraph.o" "src\\BellmanFord.o" "src\\BFS.o" 
15:49:34 **** Incremental Build of configuration Debug for project IMP ****
Info: Configuration "Debug" uses tool-chain "MinGW GCC" that is unsupported on this system, attempting to build anyway.
Info: Internal Builder is used for build
g++ -O0 -g3 -Wall -c -fmessage-length=0 -o "src\\Djikstra.o" "..\\src\\Djikstra.cpp" 
g++ -O0 -g3 -Wall -c -fmessage-length=0 -o "src\\Dijkstra_Final.o" "..\\src\\Dijkstra_Final.cpp" 
g++ -o IMP.exe "src\\WeightedGraph.o" "src\\SingleSourceShortestPath.o" "src\\Djikstra.o" "src\\Dijkstra_Final.o" "src\\DFS.o" "src\\CustomizedGraph.o" "src\\BellmanFord.o" "src\\BFS.o" 
15:50:11 **** Incremental Build of configuration Debug for project IMP ****
Info: Configuration "Debug" uses tool-chain "MinGW GCC" that is unsupported on this system, attempting to build anyway.
Info: Internal Builder is used for build
g++ -O0 -g3 -Wall -c -fmessage-length=0 -o "src\\Dijkstra_Final.o" "..\\src\\Dijkstra_Final.cpp" 
g++ -o IMP.exe "src\\WeightedGraph.o" "src\\SingleSourceShortestPath.o" "src\\Djikstra.o" "src\\Dijkstra_Final.o" "src\\DFS.o" "src\\CustomizedGraph.o" "src\\BellmanFord.o" "src\\BFS.o" 
15:53:38 **** Incremental Build of configuration Debug for project IMP ****
Info: Configuration "Debug" uses tool-chain "MinGW GCC" that is unsupported on this system, attempting to build anyway.
Info: Internal Builder is used for build
g++ -O0 -g3 -Wall -c -fmessage-length=0 -o "src\\Dijkstra_Final.o" "..\\src\\Dijkstra_Final.cpp" 
g++ -o IMP.exe "src\\WeightedGraph.o" "src\\SingleSourceShortestPath.o" "src\\Djikstra.o" "src\\Dijkstra_Final.o" "src\\DFS.o" "src\\CustomizedGraph.o" "src\\BellmanFord.o" "src\\BFS.o" 
16:06:31 **** Incremental Build of configuration Debug for project IMP ****
Info: Configuration "Debug" uses tool-chain "MinGW GCC" that is unsupported on this system, attempting to build anyway.
Info: Internal Builder is used for build
g++ -O0 -g3 -Wall -c -fmessage-length=0 -o "src\\Dijkstra_Final.o" "..\\src\\Dijkstra_Final.cpp" 
g++ -o IMP.exe "src\\WeightedGraph.o" "src\\SingleSourceShortestPath.o" "src\\Djikstra.o" "src\\Dijkstra_Final.o" "src\\DFS.o" "src\\CustomizedGraph.o" "src\\BellmanFord.o" "src\\BFS.o" 
16:11:46 **** Incremental Build of configuration Debug for project IMP ****
Info: Configuration "Debug" uses tool-chain "MinGW GCC" that is unsupported on this system, attempting to build anyway.
Info: Internal Builder is used for build
g++ -O0 -g3 -Wall -c -fmessage-length=0 -o "src\\Dijkstra_Final.o" "..\\src\\Dijkstra_Final.cpp" 
g++ -o IMP.exe "src\\WeightedGraph.o" "src\\SingleSourceShortestPath.o" "src\\Djikstra.o" "src\\Dijkstra_Final.o" "src\\DFS.o" "src\\CustomizedGraph.o" "src\\BellmanFord.o" "src\\BFS.o" 
16:47:08 **** Incremental Build of configuration Debug for project IMP ****
Info: Configuration "Debug" uses tool-chain "MinGW GCC" that is unsupported on this system, attempting to build anyway.
Info: Internal Builder is used for build
g++ -O0 -g3 -Wall -c -fmessage-length=0 -o "src\\FloyddWarshall.o" "..\\src\\FloyddWarshall.cpp" 
..\src\FloyddWarshall.cpp: In function 'int main()':
..\src\FloyddWarshall.cpp:25:22: warning: unused variable 'source' [-Wunused-variable]
g++ -o IMP.exe "src\\WeightedGraph.o" "src\\SingleSourceShortestPath.o" "src\\FloyddWarshall.o" "src\\Dijkstra_Final.o" "src\\DFS.o" "src\\CustomizedGraph.o" "src\\BellmanFord.o" "src\\BFS.o" "src\\Djikstra.o" 
src\Dijkstra_Final.o: In function `main':
C:\Users\user\workspace\IMP\Debug/../src/Dijkstra_Final.cpp:43: multiple definition of `main'
src\FloyddWarshall.o:C:\Users\user\workspace\IMP\Debug/../src/FloyddWarshall.cpp:22: first defined here
collect2.exe: error: ld returned 1 exit status
16:47:27 **** Incremental Build of configuration Debug for project IMP ****
Info: Configuration "Debug" uses tool-chain "MinGW GCC" that is unsupported on this system, attempting to build anyway.
Info: Internal Builder is used for build
g++ -O0 -g3 -Wall -c -fmessage-length=0 -o "src\\Dijkstra_Final.o" "..\\src\\Dijkstra_Final.cpp" 
g++ -o IMP.exe "src\\WeightedGraph.o" "src\\SingleSourceShortestPath.o" "src\\FloyddWarshall.o" "src\\Dijkstra_Final.o" "src\\DFS.o" "src\\CustomizedGraph.o" "src\\BellmanFord.o" "src\\BFS.o" 
16:49:50 **** Incremental Build of configuration Debug for project IMP ****
Info: Configuration "Debug" uses tool-chain "MinGW GCC" that is unsupported on this system, attempting to build anyway.
Info: Internal Builder is used for build
g++ -O0 -g3 -Wall -c -fmessage-length=0 -o "src\\FloyddWarshall.o" "..\\src\\FloyddWarshall.cpp" 
..\src\FloyddWarshall.cpp: In function 'int main()':
..\src\FloyddWarshall.cpp:25:22: warning: unused variable 'source' [-Wunused-variable]
g++ -o IMP.exe "src\\WeightedGraph.o" "src\\SingleSourceShortestPath.o" "src\\FloyddWarshall.o" "src\\Dijkstra_Final.o" "src\\DFS.o" "src\\CustomizedGraph.o" "src\\BellmanFord.o" "src\\BFS.o" 
Info: Nothing to build for IMP
16:51:07 **** Incremental Build of configuration Debug for project IMP ****
Info: Configuration "Debug" uses tool-chain "MinGW GCC" that is unsupported on this system, attempting to build anyway.
Info: Internal Builder is used for build
g++ -O0 -g3 -Wall -c -fmessage-length=0 -o "src\\FloyddWarshall.o" "..\\src\\FloyddWarshall.cpp" 
..\src\FloyddWarshall.cpp: In function 'int main()':
..\src\FloyddWarshall.cpp:25:22: warning: unused variable 'source' [-Wunused-variable]
g++ -o IMP.exe "src\\WeightedGraph.o" "src\\SingleSourceShortestPath.o" "src\\FloyddWarshall.o" "src\\Dijkstra_Final.o" "src\\DFS.o" "src\\CustomizedGraph.o" "src\\BellmanFord.o" "src\\BFS.o" 
16:52:18 **** Incremental Build of configuration Debug for project IMP ****
Info: Configuration "Debug" uses tool-chain "MinGW GCC" that is unsupported on this system, attempting to build anyway.
Info: Internal Builder is used for build
g++ -O0 -g3 -Wall -c -fmessage-length=0 -o "src\\FloyddWarshall.o" "..\\src\\FloyddWarshall.cpp" 
..\src\FloyddWarshall.cpp: In function 'int main()':
..\src\FloyddWarshall.cpp:25:22: warning: unused variable 'source' [-Wunused-variable]
g++ -o IMP.exe "src\\WeightedGraph.o" "src\\SingleSourceShortestPath.o" "src\\FloyddWarshall.o" "src\\Dijkstra_Final.o" "src\\DFS.o" "src\\CustomizedGraph.o" "src\\BellmanFord.o" "src\\BFS.o" 
16:53:37 **** Incremental Build of configuration Debug for project IMP ****
Info: Configuration "Debug" uses tool-chain "MinGW GCC" that is unsupported on this system, attempting to build anyway.
Info: Internal Builder is used for build
g++ -O0 -g3 -Wall -c -fmessage-length=0 -o "src\\FloyddWarshall.o" "..\\src\\FloyddWarshall.cpp" 
..\src\FloyddWarshall.cpp: In function 'int main()':
..\src\FloyddWarshall.cpp:70:23: error: no match for 'operator!=' in 'std::cout.std::basic_ostream<_CharT, _Traits>::operator<< <char, std::char_traits<char> >(dist[i][j]) != 2147483647'
..\src\FloyddWarshall.cpp:70:23: note: candidates are:
In file included from c:\mingw\bin\../lib/gcc/i686-pc-mingw32/4.7.3/../../../../include/c++/4.7.3/iosfwd:42:0,
                 from c:\mingw\bin\../lib/gcc/i686-pc-mingw32/4.7.3/../../../../include/c++/4.7.3/ios:39,
                 from c:\mingw\bin\../lib/gcc/i686-pc-mingw32/4.7.3/../../../../include/c++/4.7.3/ostream:40,
                 from c:\mingw\bin\../lib/gcc/i686-pc-mingw32/4.7.3/../../../../include/c++/4.7.3/iostream:40,
                 from ..\src\FloyddWarshall.cpp:10:
c:\mingw\bin\../lib/gcc/i686-pc-mingw32/4.7.3/../../../../include/c++/4.7.3/bits/postypes.h:223:5: note: template<class _StateT> bool std::operator!=(const std::fpos<_StateT>&, const std::fpos<_StateT>&)
c:\mingw\bin\../lib/gcc/i686-pc-mingw32/4.7.3/../../../../include/c++/4.7.3/bits/postypes.h:223:5: note:   template argument deduction/substitution failed:
..\src\FloyddWarshall.cpp:70:23: note:   'std::basic_ostream<char>' is not derived from 'const std::fpos<_StateT>'
In file included from c:\mingw\bin\../lib/gcc/i686-pc-mingw32/4.7.3/../../../../include/c++/4.7.3/bits/stl_algobase.h:65:0,
                 from c:\mingw\bin\../lib/gcc/i686-pc-mingw32/4.7.3/../../../../include/c++/4.7.3/bits/char_traits.h:41,
                 from c:\mingw\bin\../lib/gcc/i686-pc-mingw32/4.7.3/../../../../include/c++/4.7.3/ios:41,
                 from c:\mingw\bin\../lib/gcc/i686-pc-mingw32/4.7.3/../../../../include/c++/4.7.3/ostream:40,
                 from c:\mingw\bin\../lib/gcc/i686-pc-mingw32/4.7.3/../../../../include/c++/4.7.3/iostream:40,
                 from ..\src\FloyddWarshall.cpp:10:
c:\mingw\bin\../lib/gcc/i686-pc-mingw32/4.7.3/../../../../include/c++/4.7.3/bits/stl_pair.h:219:5: note: template<class _T1, class _T2> bool std::operator!=(const std::pair<_T1, _T2>&, const std::pair<_T1, _T2>&)
c:\mingw\bin\../lib/gcc/i686-pc-mingw32/4.7.3/../../../../include/c++/4.7.3/bits/stl_pair.h:219:5: note:   template argument deduction/substitution failed:
..\src\FloyddWarshall.cpp:70:23: note:   'std::basic_ostream<char>' is not derived from 'const std::pair<_T1, _T2>'
In file included from c:\mingw\bin\../lib/gcc/i686-pc-mingw32/4.7.3/../../../../include/c++/4.7.3/bits/stl_algobase.h:68:0,
                 from c:\mingw\bin\../lib/gcc/i686-pc-mingw32/4.7.3/../../../../include/c++/4.7.3/bits/char_traits.h:41,
                 from c:\mingw\bin\../lib/gcc/i686-pc-mingw32/4.7.3/../../../../include/c++/4.7.3/ios:41,
                 from c:\mingw\bin\../lib/gcc/i686-pc-mingw32/4.7.3/../../../../include/c++/4.7.3/ostream:40,
                 from c:\mingw\bin\../lib/gcc/i686-pc-mingw32/4.7.3/../../../../include/c++/4.7.3/iostream:40,
                 from ..\src\FloyddWarshall.cpp:10:
c:\mingw\bin\../lib/gcc/i686-pc-mingw32/4.7.3/../../../../include/c++/4.7.3/bits/stl_iterator.h:305:5: note: template<class _Iterator> bool std::operator!=(const std::reverse_iterator<_Iterator>&, const std::reverse_iterator<_Iterator>&)
c:\mingw\bin\../lib/gcc/i686-pc-mingw32/4.7.3/../../../../include/c++/4.7.3/bits/stl_iterator.h:305:5: note:   template argument deduction/substitution failed:
..\src\FloyddWarshall.cpp:70:23: note:   'std::basic_ostream<char>' is not derived from 'const std::reverse_iterator<_Iterator>'
In file included from c:\mingw\bin\../lib/gcc/i686-pc-mingw32/4.7.3/../../../../include/c++/4.7.3/bits/stl_algobase.h:68:0,
                 from c:\mingw\bin\../lib/gcc/i686-pc-mingw32/4.7.3/../../../../include/c++/4.7.3/bits/char_traits.h:41,
                 from c:\mingw\bin\../lib/gcc/i686-pc-mingw32/4.7.3/../../../../include/c++/4.7.3/ios:41,
                 from c:\mingw\bin\../lib/gcc/i686-pc-mingw32/4.7.3/../../../../include/c++/4.7.3/ostream:40,
                 from c:\mingw\bin\../lib/gcc/i686-pc-mingw32/4.7.3/../../../../include/c++/4.7.3/iostream:40,
                 from ..\src\FloyddWarshall.cpp:10:
c:\mingw\bin\../lib/gcc/i686-pc-mingw32/4.7.3/../../../../include/c++/4.7.3/bits/stl_iterator.h:355:5: note: template<class _IteratorL, class _IteratorR> bool std::operator!=(const std::reverse_iterator<_Iterator>&, const std::reverse_iterator<_IteratorR>&)
c:\mingw\bin\../lib/gcc/i686-pc-mingw32/4.7.3/../../../../include/c++/4.7.3/bits/stl_iterator.h:355:5: note:   template argument deduction/substitution failed:
..\src\FloyddWarshall.cpp:70:23: note:   'std::basic_ostream<char>' is not derived from 'const std::reverse_iterator<_Iterator>'
In file included from c:\mingw\bin\../lib/gcc/i686-pc-mingw32/4.7.3/../../../../include/c++/4.7.3/string:43:0,
                 from c:\mingw\bin\../lib/gcc/i686-pc-mingw32/4.7.3/../../../../include/c++/4.7.3/bits/locale_classes.h:42,
                 from c:\mingw\bin\../lib/gcc/i686-pc-mingw32/4.7.3/../../../../include/c++/4.7.3/bits/ios_base.h:43,
                 from c:\mingw\bin\../lib/gcc/i686-pc-mingw32/4.7.3/../../../../include/c++/4.7.3/ios:43,
                 from c:\mingw\bin\../lib/gcc/i686-pc-mingw32/4.7.3/../../../../include/c++/4.7.3/ostream:40,
                 from c:\mingw\bin\../lib/gcc/i686-pc-mingw32/4.7.3/../../../../include/c++/4.7.3/iostream:40,
                 from ..\src\FloyddWarshall.cpp:10:
c:\mingw\bin\../lib/gcc/i686-pc-mingw32/4.7.3/../../../../include/c++/4.7.3/bits/allocator.h:129:5: note: template<class _T1, class _T2> bool std::operator!=(const std::allocator<_CharT>&, const std::allocator<_T2>&)
c:\mingw\bin\../lib/gcc/i686-pc-mingw32/4.7.3/../../../../include/c++/4.7.3/bits/allocator.h:129:5: note:   template argument deduction/substitution failed:
..\src\FloyddWarshall.cpp:70:23: note:   'std::basic_ostream<char>' is not derived from 'const std::allocator<_CharT>'
In file included from c:\mingw\bin\../lib/gcc/i686-pc-mingw32/4.7.3/../../../../include/c++/4.7.3/string:43:0,
                 from c:\mingw\bin\../lib/gcc/i686-pc-mingw32/4.7.3/../../../../include/c++/4.7.3/bits/locale_classes.h:42,
                 from c:\mingw\bin\../lib/gcc/i686-pc-mingw32/4.7.3/../../../../include/c++/4.7.3/bits/ios_base.h:43,
                 from c:\mingw\bin\../lib/gcc/i686-pc-mingw32/4.7.3/../../../../include/c++/4.7.3/ios:43,
                 from c:\mingw\bin\../lib/gcc/i686-pc-mingw32/4.7.3/../../../../include/c++/4.7.3/ostream:40,
                 from c:\mingw\bin\../lib/gcc/i686-pc-mingw32/4.7.3/../../../../include/c++/4.7.3/iostream:40,
                 from ..\src\FloyddWarshall.cpp:10:
c:\mingw\bin\../lib/gcc/i686-pc-mingw32/4.7.3/../../../../include/c++/4.7.3/bits/allocator.h:134:5: note: template<class _Tp> bool std::operator!=(const std::allocator<_CharT>&, const std::allocator<_CharT>&)
c:\mingw\bin\../lib/gcc/i686-pc-mingw32/4.7.3/../../../../include/c++/4.7.3/bits/allocator.h:134:5: note:   template argument deduction/substitution failed:
..\src\FloyddWarshall.cpp:70:23: note:   'std::basic_ostream<char>' is not derived from 'const std::allocator<_CharT>'
In file included from c:\mingw\bin\../lib/gcc/i686-pc-mingw32/4.7.3/../../../../include/c++/4.7.3/string:54:0,
                 from c:\mingw\bin\../lib/gcc/i686-pc-mingw32/4.7.3/../../../../include/c++/4.7.3/bits/locale_classes.h:42,
                 from c:\mingw\bin\../lib/gcc/i686-pc-mingw32/4.7.3/../../../../include/c++/4.7.3/bits/ios_base.h:43,
                 from c:\mingw\bin\../lib/gcc/i686-pc-mingw32/4.7.3/../../../../include/c++/4.7.3/ios:43,
                 from c:\mingw\bin\../lib/gcc/i686-pc-mingw32/4.7.3/../../../../include/c++/4.7.3/ostream:40,
                 from c:\mingw\bin\../lib/gcc/i686-pc-mingw32/4.7.3/../../../../include/c++/4.7.3/iostream:40,
                 from ..\src\FloyddWarshall.cpp:10:
c:\mingw\bin\../lib/gcc/i686-pc-mingw32/4.7.3/../../../../include/c++/4.7.3/bits/basic_string.h:2529:5: note: template<class _CharT, class _Traits, class _Alloc> bool std::operator!=(const std::basic_string<_CharT, _Traits, _Alloc>&, const std::basic_string<_CharT, _Traits, _Alloc>&)
c:\mingw\bin\../lib/gcc/i686-pc-mingw32/4.7.3/../../../../include/c++/4.7.3/bits/basic_string.h:2529:5: note:   template argument deduction/substitution failed:
..\src\FloyddWarshall.cpp:70:23: note:   'std::basic_ostream<char>' is not derived from 'const std::basic_string<_CharT, _Traits, _Alloc>'
In file included from c:\mingw\bin\../lib/gcc/i686-pc-mingw32/4.7.3/../../../../include/c++/4.7.3/string:54:0,
                 from c:\mingw\bin\../lib/gcc/i686-pc-mingw32/4.7.3/../../../../include/c++/4.7.3/bits/locale_classes.h:42,
                 from c:\mingw\bin\../lib/gcc/i686-pc-mingw32/4.7.3/../../../../include/c++/4.7.3/bits/ios_base.h:43,
                 from c:\mingw\bin\../lib/gcc/i686-pc-mingw32/4.7.3/../../../../include/c++/4.7.3/ios:43,
                 from c:\mingw\bin\../lib/gcc/i686-pc-mingw32/4.7.3/../../../../include/c++/4.7.3/ostream:40,
                 from c:\mingw\bin\../lib/gcc/i686-pc-mingw32/4.7.3/../../../../include/c++/4.7.3/iostream:40,
                 from ..\src\FloyddWarshall.cpp:10:
c:\mingw\bin\../lib/gcc/i686-pc-mingw32/4.7.3/../../../../include/c++/4.7.3/bits/basic_string.h:2541:5: note: template<class _CharT, class _Traits, class _Alloc> bool std::operator!=(const _CharT*, const std::basic_string<_CharT, _Traits, _Alloc>&)
c:\mingw\bin\../lib/gcc/i686-pc-mingw32/4.7.3/../../../../include/c++/4.7.3/bits/basic_string.h:2541:5: note:   template argument deduction/substitution failed:
..\src\FloyddWarshall.cpp:70:23: note:   mismatched types 'const _CharT*' and 'std::basic_ostream<char>'
In file included from c:\mingw\bin\../lib/gcc/i686-pc-mingw32/4.7.3/../../../../include/c++/4.7.3/string:54:0,
                 from c:\mingw\bin\../lib/gcc/i686-pc-mingw32/4.7.3/../../../../include/c++/4.7.3/bits/locale_classes.h:42,
                 from c:\mingw\bin\../lib/gcc/i686-pc-mingw32/4.7.3/../../../../include/c++/4.7.3/bits/ios_base.h:43,
                 from c:\mingw\bin\../lib/gcc/i686-pc-mingw32/4.7.3/../../../../include/c++/4.7.3/ios:43,
                 from c:\mingw\bin\../lib/gcc/i686-pc-mingw32/4.7.3/../../../../include/c++/4.7.3/ostream:40,
                 from c:\mingw\bin\../lib/gcc/i686-pc-mingw32/4.7.3/../../../../include/c++/4.7.3/iostream:40,
                 from ..\src\FloyddWarshall.cpp:10:
c:\mingw\bin\../lib/gcc/i686-pc-mingw32/4.7.3/../../../../include/c++/4.7.3/bits/basic_string.h:2553:5: note: template<class _CharT, class _Traits, class _Alloc> bool std::operator!=(const std::basic_string<_CharT, _Traits, _Alloc>&, const _CharT*)
c:\mingw\bin\../lib/gcc/i686-pc-mingw32/4.7.3/../../../../include/c++/4.7.3/bits/basic_string.h:2553:5: note:   template argument deduction/substitution failed:
..\src\FloyddWarshall.cpp:70:23: note:   'std::basic_ostream<char>' is not derived from 'const std::basic_string<_CharT, _Traits, _Alloc>'
In file included from c:\mingw\bin\../lib/gcc/i686-pc-mingw32/4.7.3/../../../../include/c++/4.7.3/bits/locale_facets.h:50:0,
                 from c:\mingw\bin\../lib/gcc/i686-pc-mingw32/4.7.3/../../../../include/c++/4.7.3/bits/basic_ios.h:39,
                 from c:\mingw\bin\../lib/gcc/i686-pc-mingw32/4.7.3/../../../../include/c++/4.7.3/ios:45,
                 from c:\mingw\bin\../lib/gcc/i686-pc-mingw32/4.7.3/../../../../include/c++/4.7.3/ostream:40,
                 from c:\mingw\bin\../lib/gcc/i686-pc-mingw32/4.7.3/../../../../include/c++/4.7.3/iostream:40,
                 from ..\src\FloyddWarshall.cpp:10:
c:\mingw\bin\../lib/gcc/i686-pc-mingw32/4.7.3/../../../../include/c++/4.7.3/bits/streambuf_iterator.h:212:5: note: template<class _CharT, class _Traits> bool std::operator!=(const std::istreambuf_iterator<_CharT, _Traits>&, const std::istreambuf_iterator<_CharT, _Traits>&)
c:\mingw\bin\../lib/gcc/i686-pc-mingw32/4.7.3/../../../../include/c++/4.7.3/bits/streambuf_iterator.h:212:5: note:   template argument deduction/substitution failed:
..\src\FloyddWarshall.cpp:70:23: note:   'std::basic_ostream<char>' is not derived from 'const std::istreambuf_iterator<_CharT, _Traits>'
In file included from c:\mingw\bin\../lib/gcc/i686-pc-mingw32/4.7.3/../../../../include/c++/4.7.3/deque:65:0,
                 from c:\mingw\bin\../lib/gcc/i686-pc-mingw32/4.7.3/../../../../include/c++/4.7.3/stack:61,
                 from ..\src\FloyddWarshall.cpp:11:
c:\mingw\bin\../lib/gcc/i686-pc-mingw32/4.7.3/../../../../include/c++/4.7.3/bits/stl_deque.h:261:5: note: template<class _Tp, class _Ref, class _Ptr> bool std::operator!=(const std::_Deque_iterator<_Tp, _Ref, _Ptr>&, const std::_Deque_iterator<_Tp, _Ref, _Ptr>&)
c:\mingw\bin\../lib/gcc/i686-pc-mingw32/4.7.3/../../../../include/c++/4.7.3/bits/stl_deque.h:261:5: note:   template argument deduction/substitution failed:
..\src\FloyddWarshall.cpp:70:23: note:   'std::basic_ostream<char>' is not derived from 'const std::_Deque_iterator<_Tp, _Ref, _Ptr>'
In file included from c:\mingw\bin\../lib/gcc/i686-pc-mingw32/4.7.3/../../../../include/c++/4.7.3/deque:65:0,
                 from c:\mingw\bin\../lib/gcc/i686-pc-mingw32/4.7.3/../../../../include/c++/4.7.3/stack:61,
                 from ..\src\FloyddWarshall.cpp:11:
c:\mingw\bin\../lib/gcc/i686-pc-mingw32/4.7.3/../../../../include/c++/4.7.3/bits/stl_deque.h:268:5: note: template<class _Tp, class _RefL, class _PtrL, class _RefR, class _PtrR> bool std::operator!=(const std::_Deque_iterator<_Tp, _Ref, _Ptr>&, const std::_Deque_iterator<_Tp, _RefR, _PtrR>&)
c:\mingw\bin\../lib/gcc/i686-pc-mingw32/4.7.3/../../../../include/c++/4.7.3/bits/stl_deque.h:268:5: note:   template argument deduction/substitution failed:
..\src\FloyddWarshall.cpp:70:23: note:   'std::basic_ostream<char>' is not derived from 'const std::_Deque_iterator<_Tp, _Ref, _Ptr>'
In file included from c:\mingw\bin\../lib/gcc/i686-pc-mingw32/4.7.3/../../../../include/c++/4.7.3/deque:65:0,
                 from c:\mingw\bin\../lib/gcc/i686-pc-mingw32/4.7.3/../../../../include/c++/4.7.3/stack:61,
                 from ..\src\FloyddWarshall.cpp:11:
c:\mingw\bin\../lib/gcc/i686-pc-mingw32/4.7.3/../../../../include/c++/4.7.3/bits/stl_deque.h:1955:5: note: template<class _Tp, class _Alloc> bool std::operator!=(const std::deque<_Tp, _Alloc>&, const std::deque<_Tp, _Alloc>&)
c:\mingw\bin\../lib/gcc/i686-pc-mingw32/4.7.3/../../../../include/c++/4.7.3/bits/stl_deque.h:1955:5: note:   template argument deduction/substitution failed:
..\src\FloyddWarshall.cpp:70:23: note:   'std::basic_ostream<char>' is not derived from 'const std::deque<_Tp, _Alloc>'
In file included from c:\mingw\bin\../lib/gcc/i686-pc-mingw32/4.7.3/../../../../include/c++/4.7.3/stack:62:0,
                 from ..\src\FloyddWarshall.cpp:11:
c:\mingw\bin\../lib/gcc/i686-pc-mingw32/4.7.3/../../../../include/c++/4.7.3/bits/stl_stack.h:266:5: note: template<class _Tp, class _Seq> bool std::operator!=(const std::stack<_Tp, _Seq>&, const std::stack<_Tp, _Seq>&)
c:\mingw\bin\../lib/gcc/i686-pc-mingw32/4.7.3/../../../../include/c++/4.7.3/bits/stl_stack.h:266:5: note:   template argument deduction/substitution failed:
..\src\FloyddWarshall.cpp:70:23: note:   'std::basic_ostream<char>' is not derived from 'const std::stack<_Tp, _Seq>'
In file included from c:\mingw\bin\../lib/gcc/i686-pc-mingw32/4.7.3/../../../../include/c++/4.7.3/vector:65:0,
                 from ..\src\FloyddWarshall.cpp:12:
c:\mingw\bin\../lib/gcc/i686-pc-mingw32/4.7.3/../../../../include/c++/4.7.3/bits/stl_vector.h:1394:5: note: template<class _Tp, class _Alloc> bool std::operator!=(const std::vector<_Tp, _Alloc>&, const std::vector<_Tp, _Alloc>&)
c:\mingw\bin\../lib/gcc/i686-pc-mingw32/4.7.3/../../../../include/c++/4.7.3/bits/stl_vector.h:1394:5: note:   template argument deduction/substitution failed:
..\src\FloyddWarshall.cpp:70:23: note:   'std::basic_ostream<char>' is not derived from 'const std::vector<_Tp, _Alloc>'
..\src\FloyddWarshall.cpp:70:49: error: invalid operands of types 'const char [4]' and 'const char [3]' to binary 'operator<<'
..\src\FloyddWarshall.cpp:25:22: warning: unused variable 'source' [-Wunused-variable]
16:54:00 **** Incremental Build of configuration Debug for project IMP ****
Info: Configuration "Debug" uses tool-chain "MinGW GCC" that is unsupported on this system, attempting to build anyway.
Info: Internal Builder is used for build
g++ -O0 -g3 -Wall -c -fmessage-length=0 -o "src\\FloyddWarshall.o" "..\\src\\FloyddWarshall.cpp" 
..\src\FloyddWarshall.cpp: In function 'int main()':
..\src\FloyddWarshall.cpp:25:22: warning: unused variable 'source' [-Wunused-variable]
g++ -o IMP.exe "src\\WeightedGraph.o" "src\\SingleSourceShortestPath.o" "src\\FloyddWarshall.o" "src\\Dijkstra_Final.o" "src\\DFS.o" "src\\CustomizedGraph.o" "src\\BellmanFord.o" "src\\BFS.o" 
Info: Nothing to build for IMP
17:13:24 **** Incremental Build of configuration Debug for project IMP ****
Info: Configuration "Debug" uses tool-chain "MinGW GCC" that is unsupported on this system, attempting to build anyway.
Info: Internal Builder is used for build
g++ -O0 -g3 -Wall -c -fmessage-length=0 -o "src\\FloyddWarshall.o" "..\\src\\FloyddWarshall.cpp" 
g++ -O0 -g3 -Wall -c -fmessage-length=0 -o "src\\Prim.o" "..\\src\\Prim.cpp" 
g++ -o IMP.exe "src\\WeightedGraph.o" "src\\SingleSourceShortestPath.o" "src\\Prim.o" "src\\FloyddWarshall.o" "src\\Dijkstra_Final.o" "src\\DFS.o" "src\\CustomizedGraph.o" "src\\BellmanFord.o" "src\\BFS.o" 
17:22:27 **** Incremental Build of configuration Debug for project IMP ****
Info: Configuration "Debug" uses tool-chain "MinGW GCC" that is unsupported on this system, attempting to build anyway.
Info: Internal Builder is used for build
g++ -O0 -g3 -Wall -c -fmessage-length=0 -o "src\\Prim.o" "..\\src\\Prim.cpp" 
g++ -O0 -g3 -Wall -c -fmessage-length=0 -o "src\\Dijkstra_Final.o" "..\\src\\Dijkstra_Final.cpp" 
g++ -o IMP.exe "src\\WeightedGraph.o" "src\\SingleSourceShortestPath.o" "src\\Prim.o" "src\\FloyddWarshall.o" "src\\Dijkstra_Final.o" "src\\DFS.o" "src\\CustomizedGraph.o" "src\\BellmanFord.o" "src\\BFS.o" 
17:23:54 **** Incremental Build of configuration Debug for project IMP ****
Info: Configuration "Debug" uses tool-chain "MinGW GCC" that is unsupported on this system, attempting to build anyway.
Info: Internal Builder is used for build
g++ -O0 -g3 -Wall -c -fmessage-length=0 -o "src\\Dijkstra_Final.o" "..\\src\\Dijkstra_Final.cpp" 
g++ -o IMP.exe "src\\WeightedGraph.o" "src\\SingleSourceShortestPath.o" "src\\Prim.o" "src\\FloyddWarshall.o" "src\\Dijkstra_Final.o" "src\\DFS.o" "src\\CustomizedGraph.o" "src\\BellmanFord.o" "src\\BFS.o" 
19:24:49 **** Incremental Build of configuration Debug for project IMP ****
Info: Configuration "Debug" uses tool-chain "MinGW GCC" that is unsupported on this system, attempting to build anyway.
Info: Internal Builder is used for build
g++ -O0 -g3 -Wall -c -fmessage-length=0 -o "src\\Kruskal.o" "..\\src\\Kruskal.cpp" 
..\src\Kruskal.cpp: In function 'int main()':
..\src\Kruskal.cpp:56:16: warning: 'N' may be used uninitialized in this function [-Wuninitialized]
g++ -o IMP.exe "src\\WeightedGraph.o" "src\\SingleSourceShortestPath.o" "src\\Prim.o" "src\\Kruskal.o" "src\\FloyddWarshall.o" "src\\Dijkstra_Final.o" "src\\DFS.o" "src\\CustomizedGraph.o" "src\\BellmanFord.o" "src\\BFS.o" 
src\Dijkstra_Final.o: In function `main':
C:\Users\user\workspace\IMP\Debug/../src/Dijkstra_Final.cpp:44: multiple definition of `main'
src\Kruskal.o:C:\Users\user\workspace\IMP\Debug/../src/Kruskal.cpp:38: first defined here
collect2.exe: error: ld returned 1 exit status
19:25:09 **** Incremental Build of configuration Debug for project IMP ****
Info: Configuration "Debug" uses tool-chain "MinGW GCC" that is unsupported on this system, attempting to build anyway.
Info: Internal Builder is used for build
g++ -O0 -g3 -Wall -c -fmessage-length=0 -o "src\\Dijkstra_Final.o" "..\\src\\Dijkstra_Final.cpp" 
g++ -o IMP.exe "src\\WeightedGraph.o" "src\\SingleSourceShortestPath.o" "src\\Prim.o" "src\\Kruskal.o" "src\\FloyddWarshall.o" "src\\Dijkstra_Final.o" "src\\DFS.o" "src\\CustomizedGraph.o" "src\\BellmanFord.o" "src\\BFS.o" 
19:26:31 **** Incremental Build of configuration Debug for project IMP ****
Info: Configuration "Debug" uses tool-chain "MinGW GCC" that is unsupported on this system, attempting to build anyway.
Info: Internal Builder is used for build
g++ -O0 -g3 -Wall -c -fmessage-length=0 -o "src\\Kruskal.o" "..\\src\\Kruskal.cpp" 
..\src\Kruskal.cpp: In function 'int main()':
..\src\Kruskal.cpp:63:16: warning: 'N' may be used uninitialized in this function [-Wuninitialized]
g++ -o IMP.exe "src\\WeightedGraph.o" "src\\SingleSourceShortestPath.o" "src\\Prim.o" "src\\Kruskal.o" "src\\FloyddWarshall.o" "src\\Dijkstra_Final.o" "src\\DFS.o" "src\\CustomizedGraph.o" "src\\BellmanFord.o" "src\\BFS.o" 
Info: Nothing to build for IMP
19:33:43 **** Incremental Build of configuration Debug for project IMP ****
Info: Configuration "Debug" uses tool-chain "MinGW GCC" that is unsupported on this system, attempting to build anyway.
Info: Internal Builder is used for build
g++ -O0 -g3 -Wall -c -fmessage-length=0 -o "src\\Kruskal.o" "..\\src\\Kruskal.cpp" 
..\src\Kruskal.cpp: In function 'int main()':
..\src\Kruskal.cpp:42:6: warning: unused variable 'N' [-Wunused-variable]
g++ -o IMP.exe "src\\WeightedGraph.o" "src\\SingleSourceShortestPath.o" "src\\Prim.o" "src\\Kruskal.o" "src\\FloyddWarshall.o" "src\\Dijkstra_Final.o" "src\\DFS.o" "src\\CustomizedGraph.o" "src\\BellmanFord.o" "src\\BFS.o" 
Info: Nothing to build for IMP
19:36:14 **** Incremental Build of configuration Debug for project IMP ****
Info: Configuration "Debug" uses tool-chain "MinGW GCC" that is unsupported on this system, attempting to build anyway.
Info: Internal Builder is used for build
g++ -O0 -g3 -Wall -c -fmessage-length=0 -o "src\\Kruskal.o" "..\\src\\Kruskal.cpp" 
..\src\Kruskal.cpp: In function 'int main()':
..\src\Kruskal.cpp:42:6: warning: unused variable 'N' [-Wunused-variable]
g++ -o IMP.exe "src\\WeightedGraph.o" "src\\SingleSourceShortestPath.o" "src\\Prim.o" "src\\Kruskal.o" "src\\FloyddWarshall.o" "src\\Dijkstra_Final.o" "src\\DFS.o" "src\\CustomizedGraph.o" "src\\BellmanFord.o" "src\\BFS.o" 
19:37:10 **** Incremental Build of configuration Debug for project IMP ****
Info: Configuration "Debug" uses tool-chain "MinGW GCC" that is unsupported on this system, attempting to build anyway.
Info: Internal Builder is used for build
g++ -O0 -g3 -Wall -c -fmessage-length=0 -o "src\\Kruskal.o" "..\\src\\Kruskal.cpp" 
..\src\Kruskal.cpp: In function 'int main()':
..\src\Kruskal.cpp:67:6: warning: variable 'parent' set but not used [-Wunused-but-set-variable]
..\src\Kruskal.cpp:67:16: warning: 'N' may be used uninitialized in this function [-Wuninitialized]
g++ -o IMP.exe "src\\WeightedGraph.o" "src\\SingleSourceShortestPath.o" "src\\Prim.o" "src\\Kruskal.o" "src\\FloyddWarshall.o" "src\\Dijkstra_Final.o" "src\\DFS.o" "src\\CustomizedGraph.o" "src\\BellmanFord.o" "src\\BFS.o" 
19:41:27 **** Incremental Build of configuration Debug for project IMP ****
Info: Configuration "Debug" uses tool-chain "MinGW GCC" that is unsupported on this system, attempting to build anyway.
Info: Internal Builder is used for build
g++ -O0 -g3 -Wall -c -fmessage-length=0 -o "src\\Kruskal.o" "..\\src\\Kruskal.cpp" 
..\src\Kruskal.cpp: In function 'int main()':
..\src\Kruskal.cpp:67:16: warning: 'N' may be used uninitialized in this function [-Wuninitialized]
g++ -o IMP.exe "src\\WeightedGraph.o" "src\\SingleSourceShortestPath.o" "src\\Prim.o" "src\\Kruskal.o" "src\\FloyddWarshall.o" "src\\Dijkstra_Final.o" "src\\DFS.o" "src\\CustomizedGraph.o" "src\\BellmanFord.o" "src\\BFS.o" 
19:43:43 **** Incremental Build of configuration Debug for project IMP ****
Info: Configuration "Debug" uses tool-chain "MinGW GCC" that is unsupported on this system, attempting to build anyway.
Info: Internal Builder is used for build
g++ -O0 -g3 -Wall -c -fmessage-length=0 -o "src\\Kruskal.o" "..\\src\\Kruskal.cpp" 
..\src\Kruskal.cpp: In function 'int main()':
..\src\Kruskal.cpp:67:16: warning: 'N' may be used uninitialized in this function [-Wuninitialized]
g++ -o IMP.exe "src\\WeightedGraph.o" "src\\SingleSourceShortestPath.o" "src\\Prim.o" "src\\Kruskal.o" "src\\FloyddWarshall.o" "src\\Dijkstra_Final.o" "src\\DFS.o" "src\\CustomizedGraph.o" "src\\BellmanFord.o" "src\\BFS.o" 
19:44:45 **** Incremental Build of configuration Debug for project IMP ****
Info: Configuration "Debug" uses tool-chain "MinGW GCC" that is unsupported on this system, attempting to build anyway.
Info: Internal Builder is used for build
g++ -O0 -g3 -Wall -c -fmessage-length=0 -o "src\\Kruskal.o" "..\\src\\Kruskal.cpp" 
..\src\Kruskal.cpp: In function 'int main()':
..\src\Kruskal.cpp:67:6: warning: variable 'parent' set but not used [-Wunused-but-set-variable]
..\src\Kruskal.cpp:67:16: warning: 'N' may be used uninitialized in this function [-Wuninitialized]
g++ -o IMP.exe "src\\WeightedGraph.o" "src\\SingleSourceShortestPath.o" "src\\Prim.o" "src\\Kruskal.o" "src\\FloyddWarshall.o" "src\\Dijkstra_Final.o" "src\\DFS.o" "src\\CustomizedGraph.o" "src\\BellmanFord.o" "src\\BFS.o" 
19:45:49 **** Incremental Build of configuration Debug for project IMP ****
Info: Configuration "Debug" uses tool-chain "MinGW GCC" that is unsupported on this system, attempting to build anyway.
Info: Internal Builder is used for build
g++ -O0 -g3 -Wall -c -fmessage-length=0 -o "src\\Kruskal.o" "..\\src\\Kruskal.cpp" 
..\src\Kruskal.cpp: In function 'int main()':
..\src\Kruskal.cpp:84:5: error: expected primary-expression before '/' token
..\src\Kruskal.cpp:85:2: error: expected primary-expression before '}' token
..\src\Kruskal.cpp:85:2: error: expected ';' before '}' token
19:46:09 **** Incremental Build of configuration Debug for project IMP ****
Info: Configuration "Debug" uses tool-chain "MinGW GCC" that is unsupported on this system, attempting to build anyway.
Info: Internal Builder is used for build
g++ -O0 -g3 -Wall -c -fmessage-length=0 -o "src\\Kruskal.o" "..\\src\\Kruskal.cpp" 
..\src\Kruskal.cpp: In function 'int main()':
..\src\Kruskal.cpp:67:16: warning: 'N' may be used uninitialized in this function [-Wuninitialized]
g++ -o IMP.exe "src\\WeightedGraph.o" "src\\SingleSourceShortestPath.o" "src\\Prim.o" "src\\Kruskal.o" "src\\FloyddWarshall.o" "src\\Dijkstra_Final.o" "src\\DFS.o" "src\\CustomizedGraph.o" "src\\BellmanFord.o" "src\\BFS.o" 
19:47:43 **** Incremental Build of configuration Debug for project IMP ****
Info: Configuration "Debug" uses tool-chain "MinGW GCC" that is unsupported on this system, attempting to build anyway.
Info: Internal Builder is used for build
g++ -O0 -g3 -Wall -c -fmessage-length=0 -o "src\\Kruskal.o" "..\\src\\Kruskal.cpp" 
..\src\Kruskal.cpp: In function 'int main()':
..\src\Kruskal.cpp:67:16: warning: 'N' may be used uninitialized in this function [-Wuninitialized]
g++ -o IMP.exe "src\\WeightedGraph.o" "src\\SingleSourceShortestPath.o" "src\\Prim.o" "src\\Kruskal.o" "src\\FloyddWarshall.o" "src\\Dijkstra_Final.o" "src\\DFS.o" "src\\CustomizedGraph.o" "src\\BellmanFord.o" "src\\BFS.o" 
19:48:44 **** Incremental Build of configuration Debug for project IMP ****
Info: Configuration "Debug" uses tool-chain "MinGW GCC" that is unsupported on this system, attempting to build anyway.
Info: Internal Builder is used for build
g++ -O0 -g3 -Wall -c -fmessage-length=0 -o "src\\Kruskal.o" "..\\src\\Kruskal.cpp" 
..\src\Kruskal.cpp: In function 'int main()':
..\src\Kruskal.cpp:68:16: warning: 'N' may be used uninitialized in this function [-Wuninitialized]
g++ -o IMP.exe "src\\WeightedGraph.o" "src\\SingleSourceShortestPath.o" "src\\Prim.o" "src\\Kruskal.o" "src\\FloyddWarshall.o" "src\\Dijkstra_Final.o" "src\\DFS.o" "src\\CustomizedGraph.o" "src\\BellmanFord.o" "src\\BFS.o" 
19:49:55 **** Incremental Build of configuration Debug for project IMP ****
Info: Configuration "Debug" uses tool-chain "MinGW GCC" that is unsupported on this system, attempting to build anyway.
Info: Internal Builder is used for build
g++ -O0 -g3 -Wall -c -fmessage-length=0 -o "src\\Kruskal.o" "..\\src\\Kruskal.cpp" 
g++ -o IMP.exe "src\\WeightedGraph.o" "src\\SingleSourceShortestPath.o" "src\\Prim.o" "src\\Kruskal.o" "src\\FloyddWarshall.o" "src\\Dijkstra_Final.o" "src\\DFS.o" "src\\CustomizedGraph.o" "src\\BellmanFord.o" "src\\BFS.o" 
19:50:24 **** Incremental Build of configuration Debug for project IMP ****
Info: Configuration "Debug" uses tool-chain "MinGW GCC" that is unsupported on this system, attempting to build anyway.
Info: Internal Builder is used for build
g++ -O0 -g3 -Wall -c -fmessage-length=0 -o "src\\Kruskal.o" "..\\src\\Kruskal.cpp" 
g++ -o IMP.exe "src\\WeightedGraph.o" "src\\SingleSourceShortestPath.o" "src\\Prim.o" "src\\Kruskal.o" "src\\FloyddWarshall.o" "src\\Dijkstra_Final.o" "src\\DFS.o" "src\\CustomizedGraph.o" "src\\BellmanFord.o" "src\\BFS.o" 
19:52:15 **** Incremental Build of configuration Debug for project IMP ****
Info: Configuration "Debug" uses tool-chain "MinGW GCC" that is unsupported on this system, attempting to build anyway.
Info: Internal Builder is used for build
g++ -O0 -g3 -Wall -c -fmessage-length=0 -o "src\\Kruskal.o" "..\\src\\Kruskal.cpp" 
g++ -o IMP.exe "src\\WeightedGraph.o" "src\\SingleSourceShortestPath.o" "src\\Prim.o" "src\\Kruskal.o" "src\\FloyddWarshall.o" "src\\Dijkstra_Final.o" "src\\DFS.o" "src\\CustomizedGraph.o" "src\\BellmanFord.o" "src\\BFS.o" 
19:54:19 **** Incremental Build of configuration Debug for project IMP ****
Info: Configuration "Debug" uses tool-chain "MinGW GCC" that is unsupported on this system, attempting to build anyway.
Info: Internal Builder is used for build
g++ -O0 -g3 -Wall -c -fmessage-length=0 -o "src\\Kruskal.o" "..\\src\\Kruskal.cpp" 
g++ -o IMP.exe "src\\WeightedGraph.o" "src\\SingleSourceShortestPath.o" "src\\Prim.o" "src\\Kruskal.o" "src\\FloyddWarshall.o" "src\\Dijkstra_Final.o" "src\\DFS.o" "src\\CustomizedGraph.o" "src\\BellmanFord.o" "src\\BFS.o" 
19:55:51 **** Incremental Build of configuration Debug for project IMP ****
Info: Configuration "Debug" uses tool-chain "MinGW GCC" that is unsupported on this system, attempting to build anyway.
Info: Internal Builder is used for build
g++ -O0 -g3 -Wall -c -fmessage-length=0 -o "src\\Kruskal.o" "..\\src\\Kruskal.cpp" 
g++ -o IMP.exe "src\\WeightedGraph.o" "src\\SingleSourceShortestPath.o" "src\\Prim.o" "src\\Kruskal.o" "src\\FloyddWarshall.o" "src\\Dijkstra_Final.o" "src\\DFS.o" "src\\CustomizedGraph.o" "src\\BellmanFord.o" "src\\BFS.o" 
19:58:50 **** Incremental Build of configuration Debug for project IMP ****
Info: Configuration "Debug" uses tool-chain "MinGW GCC" that is unsupported on this system, attempting to build anyway.
Info: Internal Builder is used for build
g++ -O0 -g3 -Wall -c -fmessage-length=0 -o "src\\Kruskal.o" "..\\src\\Kruskal.cpp" 
g++ -o IMP.exe "src\\WeightedGraph.o" "src\\SingleSourceShortestPath.o" "src\\Prim.o" "src\\Kruskal.o" "src\\FloyddWarshall.o" "src\\Dijkstra_Final.o" "src\\DFS.o" "src\\CustomizedGraph.o" "src\\BellmanFord.o" "src\\BFS.o" 
19:59:40 **** Incremental Build of configuration Debug for project IMP ****
Info: Configuration "Debug" uses tool-chain "MinGW GCC" that is unsupported on this system, attempting to build anyway.
Info: Internal Builder is used for build
g++ -O0 -g3 -Wall -c -fmessage-length=0 -o "src\\Kruskal.o" "..\\src\\Kruskal.cpp" 
g++ -o IMP.exe "src\\WeightedGraph.o" "src\\SingleSourceShortestPath.o" "src\\Prim.o" "src\\Kruskal.o" "src\\FloyddWarshall.o" "src\\Dijkstra_Final.o" "src\\DFS.o" "src\\CustomizedGraph.o" "src\\BellmanFord.o" "src\\BFS.o" 
20:00:26 **** Incremental Build of configuration Debug for project IMP ****
Info: Configuration "Debug" uses tool-chain "MinGW GCC" that is unsupported on this system, attempting to build anyway.
Info: Internal Builder is used for build
g++ -O0 -g3 -Wall -c -fmessage-length=0 -o "src\\Kruskal.o" "..\\src\\Kruskal.cpp" 
g++ -o IMP.exe "src\\WeightedGraph.o" "src\\SingleSourceShortestPath.o" "src\\Prim.o" "src\\Kruskal.o" "src\\FloyddWarshall.o" "src\\Dijkstra_Final.o" "src\\DFS.o" "src\\CustomizedGraph.o" "src\\BellmanFord.o" "src\\BFS.o" 
20:00:50 **** Incremental Build of configuration Debug for project IMP ****
Info: Configuration "Debug" uses tool-chain "MinGW GCC" that is unsupported on this system, attempting to build anyway.
Info: Internal Builder is used for build
g++ -O0 -g3 -Wall -c -fmessage-length=0 -o "src\\Kruskal.o" "..\\src\\Kruskal.cpp" 
g++ -o IMP.exe "src\\WeightedGraph.o" "src\\SingleSourceShortestPath.o" "src\\Prim.o" "src\\Kruskal.o" "src\\FloyddWarshall.o" "src\\Dijkstra_Final.o" "src\\DFS.o" "src\\CustomizedGraph.o" "src\\BellmanFord.o" "src\\BFS.o" 
20:04:52 **** Incremental Build of configuration Debug for project IMP ****
Info: Configuration "Debug" uses tool-chain "MinGW GCC" that is unsupported on this system, attempting to build anyway.
Info: Internal Builder is used for build
g++ -O0 -g3 -Wall -c -fmessage-length=0 -o "src\\Kruskal.o" "..\\src\\Kruskal.cpp" 
g++ -o IMP.exe "src\\WeightedGraph.o" "src\\SingleSourceShortestPath.o" "src\\Prim.o" "src\\Kruskal.o" "src\\FloyddWarshall.o" "src\\Dijkstra_Final.o" "src\\DFS.o" "src\\CustomizedGraph.o" "src\\BellmanFord.o" "src\\BFS.o" 
20:06:46 **** Incremental Build of configuration Debug for project IMP ****
Info: Configuration "Debug" uses tool-chain "MinGW GCC" that is unsupported on this system, attempting to build anyway.
Info: Internal Builder is used for build
g++ -O0 -g3 -Wall -c -fmessage-length=0 -o "src\\Kruskal.o" "..\\src\\Kruskal.cpp" 
g++ -o IMP.exe "src\\WeightedGraph.o" "src\\SingleSourceShortestPath.o" "src\\Prim.o" "src\\Kruskal.o" "src\\FloyddWarshall.o" "src\\Dijkstra_Final.o" "src\\DFS.o" "src\\CustomizedGraph.o" "src\\BellmanFord.o" "src\\BFS.o" 
20:09:23 **** Incremental Build of configuration Debug for project IMP ****
Info: Configuration "Debug" uses tool-chain "MinGW GCC" that is unsupported on this system, attempting to build anyway.
Info: Internal Builder is used for build
g++ -O0 -g3 -Wall -c -fmessage-length=0 -o "src\\Kruskal.o" "..\\src\\Kruskal.cpp" 
g++ -o IMP.exe "src\\WeightedGraph.o" "src\\SingleSourceShortestPath.o" "src\\Prim.o" "src\\Kruskal.o" "src\\FloyddWarshall.o" "src\\Dijkstra_Final.o" "src\\DFS.o" "src\\CustomizedGraph.o" "src\\BellmanFord.o" "src\\BFS.o" 
20:16:15 **** Incremental Build of configuration Debug for project IMP ****
Info: Configuration "Debug" uses tool-chain "MinGW GCC" that is unsupported on this system, attempting to build anyway.
Info: Internal Builder is used for build
g++ -O0 -g3 -Wall -c -fmessage-length=0 -o "src\\Prim.o" "..\\src\\Prim.cpp" 
g++ -O0 -g3 -Wall -c -fmessage-length=0 -o "src\\Kruskal.o" "..\\src\\Kruskal.cpp" 
g++ -o IMP.exe "src\\WeightedGraph.o" "src\\SingleSourceShortestPath.o" "src\\Prim.o" "src\\Kruskal.o" "src\\FloyddWarshall.o" "src\\Dijkstra_Final.o" "src\\DFS.o" "src\\CustomizedGraph.o" "src\\BellmanFord.o" "src\\BFS.o" 
20:23:56 **** Incremental Build of configuration Debug for project IMP ****
Info: Configuration "Debug" uses tool-chain "MinGW GCC" that is unsupported on this system, attempting to build anyway.
Info: Internal Builder is used for build
g++ -O0 -g3 -Wall -c -fmessage-length=0 -o "src\\Prim.o" "..\\src\\Prim.cpp" 
..\src\Prim.cpp: In function 'int main()':
..\src\Prim.cpp:61:7: warning: unused variable 'count' [-Wunused-variable]
g++ -o IMP.exe "src\\WeightedGraph.o" "src\\SingleSourceShortestPath.o" "src\\Prim.o" "src\\Kruskal.o" "src\\FloyddWarshall.o" "src\\Dijkstra_Final.o" "src\\DFS.o" "src\\CustomizedGraph.o" "src\\BellmanFord.o" "src\\BFS.o" 
20:26:30 **** Incremental Build of configuration Debug for project IMP ****
Info: Configuration "Debug" uses tool-chain "MinGW GCC" that is unsupported on this system, attempting to build anyway.
Info: Internal Builder is used for build
g++ -O0 -g3 -Wall -c -fmessage-length=0 -o "src\\Prim.o" "..\\src\\Prim.cpp" 
g++ -o IMP.exe "src\\WeightedGraph.o" "src\\SingleSourceShortestPath.o" "src\\Prim.o" "src\\Kruskal.o" "src\\FloyddWarshall.o" "src\\Dijkstra_Final.o" "src\\DFS.o" "src\\CustomizedGraph.o" "src\\BellmanFord.o" "src\\BFS.o" 
20:27:55 **** Incremental Build of configuration Debug for project IMP ****
Info: Configuration "Debug" uses tool-chain "MinGW GCC" that is unsupported on this system, attempting to build anyway.
Info: Internal Builder is used for build
g++ -O0 -g3 -Wall -c -fmessage-length=0 -o "src\\Prim.o" "..\\src\\Prim.cpp" 
g++ -o IMP.exe "src\\WeightedGraph.o" "src\\SingleSourceShortestPath.o" "src\\Prim.o" "src\\Kruskal.o" "src\\FloyddWarshall.o" "src\\Dijkstra_Final.o" "src\\DFS.o" "src\\CustomizedGraph.o" "src\\BellmanFord.o" "src\\BFS.o" 
20:29:06 **** Incremental Build of configuration Debug for project IMP ****
Info: Configuration "Debug" uses tool-chain "MinGW GCC" that is unsupported on this system, attempting to build anyway.
Info: Internal Builder is used for build
g++ -O0 -g3 -Wall -c -fmessage-length=0 -o "src\\Prim.o" "..\\src\\Prim.cpp" 
g++ -o IMP.exe "src\\WeightedGraph.o" "src\\SingleSourceShortestPath.o" "src\\Prim.o" "src\\Kruskal.o" "src\\FloyddWarshall.o" "src\\Dijkstra_Final.o" "src\\DFS.o" "src\\CustomizedGraph.o" "src\\BellmanFord.o" "src\\BFS.o" 
00:57:26 **** Incremental Build of configuration Debug for project IMP ****
Info: Configuration "Debug" uses tool-chain "MinGW GCC" that is unsupported on this system, attempting to build anyway.
Info: Internal Builder is used for build
g++ -O0 -g3 -Wall -c -fmessage-length=0 -o "src\\Prim.o" "..\\src\\Prim.cpp" 
g++ -O0 -g3 -Wall -c -fmessage-length=0 -o "src\\testing.o" "..\\src\\testing.cpp" 
g++ -o IMP.exe "src\\testing.o" "src\\WeightedGraph.o" "src\\SingleSourceShortestPath.o" "src\\Prim.o" "src\\Kruskal.o" "src\\FloyddWarshall.o" "src\\Dijkstra_Final.o" "src\\DFS.o" "src\\CustomizedGraph.o" "src\\BellmanFord.o" "src\\BFS.o" 
01:00:30 **** Incremental Build of configuration Debug for project IMP ****
Info: Configuration "Debug" uses tool-chain "MinGW GCC" that is unsupported on this system, attempting to build anyway.
Info: Internal Builder is used for build
g++ -O0 -g3 -Wall -c -fmessage-length=0 -o "src\\testing.o" "..\\src\\testing.cpp" 
..\src\testing.cpp: In function 'int main()':
..\src\testing.cpp:35:8: warning: unused variable 'T' [-Wunused-variable]
g++ -o IMP.exe "src\\testing.o" "src\\WeightedGraph.o" "src\\SingleSourceShortestPath.o" "src\\Prim.o" "src\\Kruskal.o" "src\\FloyddWarshall.o" "src\\Dijkstra_Final.o" "src\\DFS.o" "src\\CustomizedGraph.o" "src\\BellmanFord.o" "src\\BFS.o" 
01:02:35 **** Incremental Build of configuration Debug for project IMP ****
Info: Configuration "Debug" uses tool-chain "MinGW GCC" that is unsupported on this system, attempting to build anyway.
Info: Internal Builder is used for build
g++ -O0 -g3 -Wall -c -fmessage-length=0 -o "src\\testing.o" "..\\src\\testing.cpp" 
..\src\testing.cpp: In function 'int main()':
..\src\testing.cpp:36:8: warning: unused variable 'T' [-Wunused-variable]
g++ -o IMP.exe "src\\testing.o" "src\\WeightedGraph.o" "src\\SingleSourceShortestPath.o" "src\\Prim.o" "src\\Kruskal.o" "src\\FloyddWarshall.o" "src\\Dijkstra_Final.o" "src\\DFS.o" "src\\CustomizedGraph.o" "src\\BellmanFord.o" "src\\BFS.o" 
01:04:12 **** Incremental Build of configuration Debug for project IMP ****
Info: Configuration "Debug" uses tool-chain "MinGW GCC" that is unsupported on this system, attempting to build anyway.
Info: Internal Builder is used for build
g++ -O0 -g3 -Wall -c -fmessage-length=0 -o "src\\testing.o" "..\\src\\testing.cpp" 
..\src\testing.cpp: In function 'int main()':
..\src\testing.cpp:36:8: warning: unused variable 'T' [-Wunused-variable]
g++ -o IMP.exe "src\\testing.o" "src\\WeightedGraph.o" "src\\SingleSourceShortestPath.o" "src\\Prim.o" "src\\Kruskal.o" "src\\FloyddWarshall.o" "src\\Dijkstra_Final.o" "src\\DFS.o" "src\\CustomizedGraph.o" "src\\BellmanFord.o" "src\\BFS.o" 
01:08:00 **** Incremental Build of configuration Debug for project IMP ****
Info: Configuration "Debug" uses tool-chain "MinGW GCC" that is unsupported on this system, attempting to build anyway.
Info: Internal Builder is used for build
g++ -O0 -g3 -Wall -c -fmessage-length=0 -o "src\\testing.o" "..\\src\\testing.cpp" 
g++ -o IMP.exe "src\\testing.o" "src\\WeightedGraph.o" "src\\SingleSourceShortestPath.o" "src\\Prim.o" "src\\Kruskal.o" "src\\FloyddWarshall.o" "src\\Dijkstra_Final.o" "src\\DFS.o" "src\\CustomizedGraph.o" "src\\BellmanFord.o" "src\\BFS.o" 
